2023-11-15 11:07:53,557 [INFO] Activator:177 - 


2023-11-15 11:07:53,560 [INFO] Activator:178 - !SESSION log4j initialized
2023-11-17 12:51:01,735 [INFO] Activator:177 - 


2023-11-17 12:51:01,735 [INFO] Activator:178 - !SESSION log4j initialized
2023-11-17 12:51:10,216 [INFO] McuFinderGlobals:39 - Set McuFinder mode to 2 (CubeIDE integrated)
2023-11-17 12:51:14,283 [INFO] ApplicationProperties:181 - Using Application install path: D:\Installation\Apps\CubeIDE\STM32CubeIDE_1.7.0\STM32CubeIDE\plugins\com.st.stm32cube.common.mx_6.3.0.202107141111
2023-11-17 12:51:14,306 [INFO] DbMcusXml:74 - Set database path to: D:\Installation\Apps\CubeIDE\STM32CubeIDE_1.7.0\STM32CubeIDE\plugins\com.st.stm32cube.common.mx_6.3.0.202107141111\\db\/mcu/
2023-11-17 12:51:14,306 [INFO] DbBoardsPdsc:56 - Set plugin database path to: D:\Installation\Apps\CubeIDE\STM32CubeIDE_1.7.0\STM32CubeIDE\plugins\com.st.stm32cube.common.mx_6.3.0.202107141111\\db\/plugins/boardmanager/
2023-11-17 12:51:14,306 [INFO] DbMcus:258 - Set plugin images path to: D:\Installation\Apps\CubeIDE\STM32CubeIDE_1.7.0\STM32CubeIDE\plugins\com.st.stm32cube.common.mx_6.3.0.202107141111\\db\/plugins/mcufinder/images/
2023-11-17 12:51:14,313 [INFO] DbBoards:264 - Set plugin images path to: D:\Installation\Apps\CubeIDE\STM32CubeIDE_1.7.0\STM32CubeIDE\plugins\com.st.stm32cube.common.mx_6.3.0.202107141111\\db\/plugins/mcufinder/images/
2023-11-17 12:51:14,315 [INFO] DbExamples:333 - Set plugin images path to: D:\Installation\Apps\CubeIDE\STM32CubeIDE_1.7.0\STM32CubeIDE\plugins\com.st.stm32cube.common.mx_6.3.0.202107141111\\db\/plugins/mcufinder/images/
2023-11-17 12:51:14,335 [INFO] DbMcusAds:119 - Set database path to: C:\Users\WINDOWN\.stmcufinder\plugins\mcufinder//mcu/
2023-11-17 12:51:14,339 [INFO] DbMcusDocs:110 - Set database path to: C:\Users\WINDOWN\.stmcufinder\plugins\mcufinder//mcu/
2023-11-17 12:51:14,339 [INFO] DbMcusJson:64 - Set database path to: C:\Users\WINDOWN\.stmcufinder\plugins\mcufinder//mcu/
2023-11-17 12:51:14,339 [INFO] DbBoardsDocs:110 - Set database path to: C:\Users\WINDOWN\.stmcufinder\plugins\mcufinder//mcu/
2023-11-17 12:51:14,347 [INFO] DbBoardsJson:57 - Set database path to: C:\Users\WINDOWN\.stmcufinder\plugins\mcufinder//mcu/
2023-11-17 12:51:14,351 [INFO] CrossReferenceDbSqlite:196 - Set database path to: C:\Users\WINDOWN\.stmcufinder\plugins\mcufinder//mcu/cs/
2023-11-17 12:51:14,356 [INFO] DbExamplesSqlite:767 - Set database path to: C:\Users\WINDOWN\.stmcufinder\plugins\mcufinder//mcu/
2023-11-17 12:51:14,522 [INFO] RulesReader:57 - Compatibility file has been processed (242 Rules)
2023-11-17 12:51:14,668 [INFO] DbMcusXml:74 - Set database path to: D:\Installation\Apps\CubeIDE\STM32CubeIDE_1.7.0\STM32CubeIDE\plugins\com.st.stm32cube.common.mx_6.3.0.202107141111\\db\/mcu/
2023-11-17 12:51:14,668 [INFO] DbBoardsPdsc:56 - Set plugin database path to: D:\Installation\Apps\CubeIDE\STM32CubeIDE_1.7.0\STM32CubeIDE\plugins\com.st.stm32cube.common.mx_6.3.0.202107141111\\db\/plugins/boardmanager/
2023-11-17 12:51:14,668 [INFO] DbMcus:258 - Set plugin images path to: D:\Installation\Apps\CubeIDE\STM32CubeIDE_1.7.0\STM32CubeIDE\plugins\com.st.stm32cube.common.mx_6.3.0.202107141111\\db\/plugins/mcufinder/images/
2023-11-17 12:51:14,668 [INFO] DbBoards:264 - Set plugin images path to: D:\Installation\Apps\CubeIDE\STM32CubeIDE_1.7.0\STM32CubeIDE\plugins\com.st.stm32cube.common.mx_6.3.0.202107141111\\db\/plugins/mcufinder/images/
2023-11-17 12:51:14,668 [INFO] DbExamples:333 - Set plugin images path to: D:\Installation\Apps\CubeIDE\STM32CubeIDE_1.7.0\STM32CubeIDE\plugins\com.st.stm32cube.common.mx_6.3.0.202107141111\\db\/plugins/mcufinder/images/
2023-11-17 12:51:14,668 [WARN] DbFile:35 - Overriding database path with different value: C:\Users\WINDOWN\.stmcufinder\plugins\mcufinder/ => C:\Users\WINDOWN\.stmcufinder\plugins\mcufinder
2023-11-17 12:51:14,668 [INFO] DbMcusAds:119 - Set database path to: C:\Users\WINDOWN\.stmcufinder\plugins\mcufinder//mcu/
2023-11-17 12:51:14,668 [WARN] DbFile:35 - Overriding database path with different value: C:\Users\WINDOWN\.stmcufinder\plugins\mcufinder/ => C:\Users\WINDOWN\.stmcufinder\plugins\mcufinder
2023-11-17 12:51:14,668 [INFO] DbMcusDocs:110 - Set database path to: C:\Users\WINDOWN\.stmcufinder\plugins\mcufinder//mcu/
2023-11-17 12:51:14,668 [WARN] DbFile:35 - Overriding database path with different value: C:\Users\WINDOWN\.stmcufinder\plugins\mcufinder/ => C:\Users\WINDOWN\.stmcufinder\plugins\mcufinder
2023-11-17 12:51:14,668 [INFO] DbMcusJson:64 - Set database path to: C:\Users\WINDOWN\.stmcufinder\plugins\mcufinder//mcu/
2023-11-17 12:51:14,668 [WARN] DbFile:35 - Overriding database path with different value: C:\Users\WINDOWN\.stmcufinder\plugins\mcufinder/ => C:\Users\WINDOWN\.stmcufinder\plugins\mcufinder
2023-11-17 12:51:14,668 [INFO] DbBoardsDocs:110 - Set database path to: C:\Users\WINDOWN\.stmcufinder\plugins\mcufinder//mcu/
2023-11-17 12:51:14,668 [WARN] DbFile:35 - Overriding database path with different value: C:\Users\WINDOWN\.stmcufinder\plugins\mcufinder/ => C:\Users\WINDOWN\.stmcufinder\plugins\mcufinder
2023-11-17 12:51:14,676 [INFO] DbBoardsJson:57 - Set database path to: C:\Users\WINDOWN\.stmcufinder\plugins\mcufinder//mcu/
2023-11-17 12:51:14,676 [WARN] DbFile:35 - Overriding database path with different value: C:\Users\WINDOWN\.stmcufinder\plugins\mcufinder/ => C:\Users\WINDOWN\.stmcufinder\plugins\mcufinder
2023-11-17 12:51:14,676 [WARN] DbFile:35 - Overriding database path with different value: C:\Users\WINDOWN\.stmcufinder\plugins\mcufinder/ => C:\Users\WINDOWN\.stmcufinder\plugins\mcufinder
2023-11-17 12:51:14,676 [INFO] CrossReferenceDbSqlite:196 - Set database path to: C:\Users\WINDOWN\.stmcufinder\plugins\mcufinder//mcu/cs/
2023-11-17 12:51:14,678 [WARN] DbFile:35 - Overriding database path with different value: C:\Users\WINDOWN\.stmcufinder\plugins\mcufinder/ => C:\Users\WINDOWN\.stmcufinder\plugins\mcufinder
2023-11-17 12:51:14,678 [INFO] DbExamplesSqlite:767 - Set database path to: C:\Users\WINDOWN\.stmcufinder\plugins\mcufinder//mcu/
2023-11-17 12:51:14,796 [INFO] MainPanel:214 - HeapMemory: 268435456
2023-11-17 12:51:14,978 [INFO] DbMcusXml:74 - Set database path to: D:\Installation\Apps\CubeIDE\STM32CubeIDE_1.7.0\STM32CubeIDE\plugins\com.st.stm32cube.common.mx_6.3.0.202107141111\\db\/mcu/
2023-11-17 12:51:14,978 [INFO] DbBoardsPdsc:56 - Set plugin database path to: D:\Installation\Apps\CubeIDE\STM32CubeIDE_1.7.0\STM32CubeIDE\plugins\com.st.stm32cube.common.mx_6.3.0.202107141111\\db\/plugins/boardmanager/
2023-11-17 12:51:14,981 [INFO] DbMcus:258 - Set plugin images path to: D:\Installation\Apps\CubeIDE\STM32CubeIDE_1.7.0\STM32CubeIDE\plugins\com.st.stm32cube.common.mx_6.3.0.202107141111\\db\/plugins/mcufinder/images/
2023-11-17 12:51:14,981 [INFO] DbBoards:264 - Set plugin images path to: D:\Installation\Apps\CubeIDE\STM32CubeIDE_1.7.0\STM32CubeIDE\plugins\com.st.stm32cube.common.mx_6.3.0.202107141111\\db\/plugins/mcufinder/images/
2023-11-17 12:51:14,981 [INFO] DbExamples:333 - Set plugin images path to: D:\Installation\Apps\CubeIDE\STM32CubeIDE_1.7.0\STM32CubeIDE\plugins\com.st.stm32cube.common.mx_6.3.0.202107141111\\db\/plugins/mcufinder/images/
2023-11-17 12:51:14,982 [WARN] DbFile:35 - Overriding database path with different value: C:\Users\WINDOWN\.stmcufinder\plugins\mcufinder/ => C:\Users\WINDOWN\.stmcufinder\plugins\mcufinder
2023-11-17 12:51:14,982 [INFO] DbMcusAds:119 - Set database path to: C:\Users\WINDOWN\.stmcufinder\plugins\mcufinder//mcu/
2023-11-17 12:51:14,982 [WARN] DbFile:35 - Overriding database path with different value: C:\Users\WINDOWN\.stmcufinder\plugins\mcufinder/ => C:\Users\WINDOWN\.stmcufinder\plugins\mcufinder
2023-11-17 12:51:14,982 [INFO] DbMcusDocs:110 - Set database path to: C:\Users\WINDOWN\.stmcufinder\plugins\mcufinder//mcu/
2023-11-17 12:51:14,982 [WARN] DbFile:35 - Overriding database path with different value: C:\Users\WINDOWN\.stmcufinder\plugins\mcufinder/ => C:\Users\WINDOWN\.stmcufinder\plugins\mcufinder
2023-11-17 12:51:14,982 [INFO] DbMcusJson:64 - Set database path to: C:\Users\WINDOWN\.stmcufinder\plugins\mcufinder//mcu/
2023-11-17 12:51:14,982 [WARN] DbFile:35 - Overriding database path with different value: C:\Users\WINDOWN\.stmcufinder\plugins\mcufinder/ => C:\Users\WINDOWN\.stmcufinder\plugins\mcufinder
2023-11-17 12:51:14,982 [INFO] DbBoardsDocs:110 - Set database path to: C:\Users\WINDOWN\.stmcufinder\plugins\mcufinder//mcu/
2023-11-17 12:51:14,982 [WARN] DbFile:35 - Overriding database path with different value: C:\Users\WINDOWN\.stmcufinder\plugins\mcufinder/ => C:\Users\WINDOWN\.stmcufinder\plugins\mcufinder
2023-11-17 12:51:14,982 [INFO] DbBoardsJson:57 - Set database path to: C:\Users\WINDOWN\.stmcufinder\plugins\mcufinder//mcu/
2023-11-17 12:51:14,982 [WARN] DbFile:35 - Overriding database path with different value: C:\Users\WINDOWN\.stmcufinder\plugins\mcufinder/ => C:\Users\WINDOWN\.stmcufinder\plugins\mcufinder
2023-11-17 12:51:14,982 [WARN] DbFile:35 - Overriding database path with different value: C:\Users\WINDOWN\.stmcufinder\plugins\mcufinder/ => C:\Users\WINDOWN\.stmcufinder\plugins\mcufinder
2023-11-17 12:51:14,982 [INFO] CrossReferenceDbSqlite:196 - Set database path to: C:\Users\WINDOWN\.stmcufinder\plugins\mcufinder//mcu/cs/
2023-11-17 12:51:14,982 [WARN] DbFile:35 - Overriding database path with different value: C:\Users\WINDOWN\.stmcufinder\plugins\mcufinder/ => C:\Users\WINDOWN\.stmcufinder\plugins\mcufinder
2023-11-17 12:51:14,985 [INFO] DbExamplesSqlite:767 - Set database path to: C:\Users\WINDOWN\.stmcufinder\plugins\mcufinder//mcu/
2023-11-17 12:51:15,030 [INFO] ApplicationProperties:181 - Using Application install path: D:\Installation\Apps\CubeIDE\STM32CubeIDE_1.7.0\STM32CubeIDE\plugins\com.st.stm32cube.common.mx_6.3.0.202107141111
2023-11-17 12:51:15,030 [INFO] PluginManage:188 - Search for loadable plugins [exclusion list=, ]
2023-11-17 12:51:15,030 [INFO] PluginManage:302 - Check plugin analytics
2023-11-17 12:51:15,327 [INFO] AnalyticsPlugin:257 - Accepted Software Licenses: 
2023-11-17 12:51:15,327 [INFO] AnalyticsPlugin:259 - Accepted CMSIS Pack Licenses: 
2023-11-17 12:51:15,336 [INFO] AnalyticsPlugin:261 - Accepted Firmware Licenses: 
2023-11-17 12:51:15,336 [INFO] PluginManage:352 - Loaded plugin analytics (category:tool,tabindex:-1)
2023-11-17 12:51:15,336 [INFO] PluginManage:302 - Check plugin clock
2023-11-17 12:51:15,360 [INFO] PluginManage:352 - Loaded plugin clock (category:base,tabindex:2)
2023-11-17 12:51:15,360 [INFO] PluginManage:302 - Check plugin ddr
2023-11-17 12:51:15,369 [INFO] PluginManage:352 - Loaded plugin ddr (category:tool,tabindex:6)
2023-11-17 12:51:15,369 [INFO] PluginManage:302 - Check plugin filemanager
2023-11-17 12:51:15,577 [INFO] PluginManage:352 - Loaded plugin filemanager (category:base,tabindex:10)
2023-11-17 12:51:15,579 [INFO] PluginManage:302 - Check plugin ipmanager
2023-11-17 12:51:15,585 [INFO] PluginManage:352 - Loaded plugin ipmanager (category:base,tabindex:5)
2023-11-17 12:51:15,585 [INFO] PluginManage:302 - Check plugin pinoutandconfiguration
2023-11-17 12:51:15,618 [INFO] PluginManage:352 - Loaded plugin pinoutandconfiguration (category:base,tabindex:1)
2023-11-17 12:51:15,619 [INFO] PluginManage:302 - Check plugin pinoutconfig
2023-11-17 12:51:15,669 [INFO] PluginManage:352 - Loaded plugin pinoutconfig (category:base,tabindex:0)
2023-11-17 12:51:15,669 [INFO] PluginManage:302 - Check plugin power
2023-11-17 12:51:15,726 [INFO] PluginManage:352 - Loaded plugin power (category:power,tabindex:4)
2023-11-17 12:51:15,726 [INFO] PluginManage:302 - Check plugin projectmanager
2023-11-17 12:51:15,754 [INFO] PluginManage:352 - Loaded plugin projectmanager (category:projectmanager,tabindex:3)
2023-11-17 12:51:15,754 [INFO] PluginManage:302 - Check plugin thirdparty
2023-11-17 12:51:16,089 [WARN] IntegrityCheckThread:78 - waiting for thirdparty lock release [integrity check]
2023-11-17 12:51:16,089 [INFO] PluginManage:352 - Loaded plugin thirdparty (category:base,tabindex:-1)
2023-11-17 12:51:16,094 [INFO] IntegrityCheckThread:80 - entering critical section [integrity check]
2023-11-17 12:51:16,094 [INFO] PluginManage:302 - Check plugin tools
2023-11-17 12:51:16,094 [INFO] ThirdPartyUpdaterWithRetryManager:66 - Updater plugin not ready yet. [1/15]
2023-11-17 12:51:16,146 [INFO] PluginManage:352 - Loaded plugin tools (category:base,tabindex:7)
2023-11-17 12:51:16,146 [INFO] PluginManage:302 - Check plugin tutovideos
2023-11-17 12:51:16,634 [INFO] PluginManage:352 - Loaded plugin tutovideos (category:base,tabindex:-1)
2023-11-17 12:51:16,634 [INFO] PluginManage:302 - Check plugin updater
2023-11-17 12:51:16,651 [INFO] PluginManage:352 - Loaded plugin updater (category:base,tabindex:12)
2023-11-17 12:51:16,651 [INFO] PluginManage:275 - PluginManage : Loaded plugins [13]
2023-11-17 12:51:16,926 [INFO] PinOutPanel:1463 - setPackage(No Configuration,No Configuration)
2023-11-17 12:51:17,150 [INFO] IPUIPlugin:74 - create IPUIPlugin
2023-11-17 12:51:17,150 [INFO] PluginManager:213 - loadIPPluginJar : add adc
2023-11-17 12:51:17,186 [INFO] IPUIPlugin:74 - create IPUIPlugin
2023-11-17 12:51:17,186 [INFO] PluginManager:213 - loadIPPluginJar : add aes
2023-11-17 12:51:17,234 [INFO] IPUIPlugin:74 - create IPUIPlugin
2023-11-17 12:51:17,234 [INFO] PluginManager:213 - loadIPPluginJar : add can
2023-11-17 12:51:17,263 [INFO] IPUIPlugin:74 - create IPUIPlugin
2023-11-17 12:51:17,263 [INFO] PluginManager:213 - loadIPPluginJar : add comp
2023-11-17 12:51:17,300 [INFO] IPUIPlugin:74 - create IPUIPlugin
2023-11-17 12:51:17,300 [INFO] PluginManager:213 - loadIPPluginJar : add cryp
2023-11-17 12:51:17,342 [INFO] IPUIPlugin:74 - create IPUIPlugin
2023-11-17 12:51:17,342 [INFO] PluginManager:213 - loadIPPluginJar : add dfsdm
2023-11-17 12:51:17,439 [INFO] IPUIPlugin:74 - create IPUIPlugin
2023-11-17 12:51:17,439 [INFO] PluginManager:213 - loadIPPluginJar : add dma
2023-11-17 12:51:17,490 [INFO] IPUIPlugin:74 - create IPUIPlugin
2023-11-17 12:51:17,490 [INFO] PluginManager:213 - loadIPPluginJar : add dma3
2023-11-17 12:51:17,523 [INFO] IPUIPlugin:74 - create IPUIPlugin
2023-11-17 12:51:17,523 [INFO] PluginManager:213 - loadIPPluginJar : add fatfs
2023-11-17 12:51:17,572 [INFO] IPUIPlugin:74 - create IPUIPlugin
2023-11-17 12:51:17,572 [INFO] PluginManager:213 - loadIPPluginJar : add fmc
2023-11-17 12:51:17,598 [INFO] IPUIPlugin:74 - create IPUIPlugin
2023-11-17 12:51:17,598 [INFO] PluginManager:213 - loadIPPluginJar : add freertos
2023-11-17 12:51:17,620 [INFO] IPUIPlugin:74 - create IPUIPlugin
2023-11-17 12:51:17,620 [INFO] PluginManager:213 - loadIPPluginJar : add genericplugin
2023-11-17 12:51:17,719 [INFO] IPUIPlugin:74 - create IPUIPlugin
2023-11-17 12:51:17,719 [INFO] PluginManager:213 - loadIPPluginJar : add gfxmmu
2023-11-17 12:51:17,844 [INFO] IPUIPlugin:74 - create IPUIPlugin
2023-11-17 12:51:17,844 [INFO] PluginManager:213 - loadIPPluginJar : add gic
2023-11-17 12:51:18,063 [INFO] IPUIPlugin:74 - create IPUIPlugin
2023-11-17 12:51:18,068 [INFO] PluginManager:213 - loadIPPluginJar : add gpio
2023-11-17 12:51:18,132 [INFO] IPUIPlugin:74 - create IPUIPlugin
2023-11-17 12:51:18,134 [INFO] PluginManager:213 - loadIPPluginJar : add gtzc
2023-11-17 12:51:18,170 [INFO] IPUIPlugin:74 - create IPUIPlugin
2023-11-17 12:51:18,170 [INFO] PluginManager:213 - loadIPPluginJar : add hash
2023-11-17 12:51:18,230 [INFO] IPUIPlugin:74 - create IPUIPlugin
2023-11-17 12:51:18,230 [INFO] PluginManager:213 - loadIPPluginJar : add i2c
2023-11-17 12:51:18,277 [INFO] IPUIPlugin:74 - create IPUIPlugin
2023-11-17 12:51:18,277 [INFO] PluginManager:213 - loadIPPluginJar : add i2s
2023-11-17 12:51:18,357 [INFO] IPUIPlugin:74 - create IPUIPlugin
2023-11-17 12:51:18,357 [INFO] PluginManager:213 - loadIPPluginJar : add ipddr
2023-11-17 12:51:18,448 [INFO] IPUIPlugin:74 - create IPUIPlugin
2023-11-17 12:51:18,455 [INFO] PluginManager:213 - loadIPPluginJar : add linkedlist
2023-11-17 12:51:18,496 [INFO] IPUIPlugin:74 - create IPUIPlugin
2023-11-17 12:51:18,496 [INFO] PluginManager:213 - loadIPPluginJar : add lorawan
2023-11-17 12:51:18,542 [INFO] IPUIPlugin:74 - create IPUIPlugin
2023-11-17 12:51:18,542 [INFO] PluginManager:213 - loadIPPluginJar : add ltdc
2023-11-17 12:51:18,721 [INFO] IPUIPlugin:74 - create IPUIPlugin
2023-11-17 12:51:18,721 [INFO] PluginManager:213 - loadIPPluginJar : add mdma
2023-11-17 12:51:18,928 [INFO] IPUIPlugin:74 - create IPUIPlugin
2023-11-17 12:51:18,930 [INFO] PluginManager:213 - loadIPPluginJar : add nvic
2023-11-17 12:51:18,967 [INFO] IPUIPlugin:74 - create IPUIPlugin
2023-11-17 12:51:18,967 [INFO] PluginManager:213 - loadIPPluginJar : add opamp
2023-11-17 12:51:19,035 [INFO] IPUIPlugin:74 - create IPUIPlugin
2023-11-17 12:51:19,035 [INFO] PluginManager:213 - loadIPPluginJar : add openamp
2023-11-17 12:51:19,082 [INFO] IPUIPlugin:74 - create IPUIPlugin
2023-11-17 12:51:19,082 [INFO] PluginManager:213 - loadIPPluginJar : add pdm2pcm
2023-11-17 12:51:19,098 [INFO] ThirdPartyUpdaterWithRetryManager:66 - Updater plugin not ready yet. [2/15]
2023-11-17 12:51:19,287 [INFO] IPUIPlugin:74 - create IPUIPlugin
2023-11-17 12:51:19,295 [INFO] PluginManager:213 - loadIPPluginJar : add plateformsettings
2023-11-17 12:51:19,328 [INFO] IPUIPlugin:74 - create IPUIPlugin
2023-11-17 12:51:19,328 [INFO] PluginManager:213 - loadIPPluginJar : add quadspi
2023-11-17 12:51:19,346 [INFO] IPUIPlugin:74 - create IPUIPlugin
2023-11-17 12:51:19,347 [INFO] PluginManager:213 - loadIPPluginJar : add resmgrutility
2023-11-17 12:51:19,395 [INFO] IPUIPlugin:74 - create IPUIPlugin
2023-11-17 12:51:19,395 [INFO] PluginManager:213 - loadIPPluginJar : add sai
2023-11-17 12:51:19,444 [INFO] IPUIPlugin:74 - create IPUIPlugin
2023-11-17 12:51:19,444 [INFO] PluginManager:213 - loadIPPluginJar : add spi
2023-11-17 12:51:19,549 [INFO] IPUIPlugin:74 - create IPUIPlugin
2023-11-17 12:51:19,549 [INFO] PluginManager:213 - loadIPPluginJar : add stm32_wpan
2023-11-17 12:51:19,582 [INFO] IPUIPlugin:74 - create IPUIPlugin
2023-11-17 12:51:19,582 [INFO] PluginManager:213 - loadIPPluginJar : add tim
2023-11-17 12:51:19,658 [INFO] IPUIPlugin:74 - create IPUIPlugin
2023-11-17 12:51:19,658 [INFO] PluginManager:213 - loadIPPluginJar : add touchsensing
2023-11-17 12:51:19,690 [INFO] IPUIPlugin:74 - create IPUIPlugin
2023-11-17 12:51:19,690 [INFO] PluginManager:213 - loadIPPluginJar : add tracer_emb
2023-11-17 12:51:19,716 [INFO] IPUIPlugin:74 - create IPUIPlugin
2023-11-17 12:51:19,723 [INFO] PluginManager:213 - loadIPPluginJar : add ts
2023-11-17 12:51:19,750 [INFO] IPUIPlugin:74 - create IPUIPlugin
2023-11-17 12:51:19,750 [INFO] PluginManager:213 - loadIPPluginJar : add tsc
2023-11-17 12:51:19,782 [INFO] IPUIPlugin:74 - create IPUIPlugin
2023-11-17 12:51:19,783 [INFO] PluginManager:213 - loadIPPluginJar : add ucpd
2023-11-17 12:51:19,824 [INFO] IPUIPlugin:74 - create IPUIPlugin
2023-11-17 12:51:19,824 [INFO] PluginManager:213 - loadIPPluginJar : add usart
2023-11-17 12:51:19,872 [INFO] IPUIPlugin:74 - create IPUIPlugin
2023-11-17 12:51:19,872 [INFO] PluginManager:213 - loadIPPluginJar : add usbx
2023-11-17 12:51:20,381 [FATAL] Updater:294 - Updater called before beeing initialized
2023-11-17 12:51:20,567 [FATAL] Updater:294 - Updater called before beeing initialized
2023-11-17 12:51:20,583 [INFO] DbMcusAds:47 - JSON generation date=Tue Mar 07 15:50:55 ICT 2023 (1678179055335)
2023-11-17 12:51:20,584 [FATAL] Updater:294 - Updater called before beeing initialized
2023-11-17 12:51:20,764 [WARN] DetailPanel:314 - Failed to get advertising image, set to default
2023-11-17 12:51:20,938 [FATAL] Updater:294 - Updater called before beeing initialized
2023-11-17 12:51:20,942 [FATAL] Updater:294 - Updater called before beeing initialized
2023-11-17 12:51:20,942 [FATAL] Updater:294 - Updater called before beeing initialized
2023-11-17 12:51:20,942 [WARN] DetailPanel:314 - Failed to get advertising image, set to default
2023-11-17 12:51:20,942 [FATAL] Updater:294 - Updater called before beeing initialized
2023-11-17 12:51:21,046 [ERROR] Updater:1075 - MainUpdater not yet initialized. External WinMGr cannot be set.
2023-11-17 12:51:21,065 [INFO] Updater:1012 - Updater Version found : 6.3.0
2023-11-17 12:51:21,096 [INFO] ApplicationProperties:181 - Using Application install path: D:\Installation\Apps\CubeIDE\STM32CubeIDE_1.7.0\STM32CubeIDE\plugins\com.st.stm32cube.common.mx_6.3.0.202107141111
2023-11-17 12:51:21,661 [INFO] MainUpdater:2671 - connection check result : 10
2023-11-17 12:51:21,661 [INFO] MainUpdater:265 - Updater Check For Update Now.
2023-11-17 12:51:21,661 [INFO] MicroXplorer:478 - Change Database Version : DB.6.0.30
2023-11-17 12:51:21,916 [INFO] CheckServerUpdateThread:112 - End of CheckServer Thread
2023-11-17 12:51:21,921 [INFO] MainUpdater:2671 - connection check result : 10
2023-11-17 12:51:21,947 [INFO] McuFinderGlobals:52 - Set McuFinderConnectedMode to true
2023-11-17 12:51:22,102 [WARN] MainUpdater:1122 - Updater busy. Cannot search thirdparties
2023-11-17 12:51:22,102 [INFO] ThirdPartyUpdaterWithRetryManager:92 - Updater plugin is busy. [1/15]
2023-11-17 12:51:23,394 [INFO] ServerAccessManage:362 - Download File mcusAds.json._tmp_
2023-11-17 12:51:23,524 [INFO] LoadUrlFilesThread:145 - End of LoadUrlFiles Thread
2023-11-17 12:51:24,817 [INFO] ServerAccessManage:362 - Download File mcusDocs.json._tmp_
2023-11-17 12:51:25,106 [WARN] MainUpdater:1122 - Updater busy. Cannot search thirdparties
2023-11-17 12:51:25,107 [INFO] ThirdPartyUpdaterWithRetryManager:92 - Updater plugin is busy. [2/15]
2023-11-17 12:51:28,121 [WARN] MainUpdater:1122 - Updater busy. Cannot search thirdparties
2023-11-17 12:51:28,122 [INFO] ThirdPartyUpdaterWithRetryManager:92 - Updater plugin is busy. [3/15]
2023-11-17 12:51:30,724 [INFO] LoadUrlFilesThread:145 - End of LoadUrlFiles Thread
2023-11-17 12:51:31,123 [WARN] MainUpdater:1122 - Updater busy. Cannot search thirdparties
2023-11-17 12:51:31,123 [INFO] ThirdPartyUpdaterWithRetryManager:92 - Updater plugin is busy. [4/15]
2023-11-17 12:51:31,321 [INFO] ServerAccessManage:362 - Download File mcusFeaturesAndDescription.json._tmp_
2023-11-17 12:51:34,138 [WARN] MainUpdater:1122 - Updater busy. Cannot search thirdparties
2023-11-17 12:51:34,139 [INFO] ThirdPartyUpdaterWithRetryManager:92 - Updater plugin is busy. [5/15]
2023-11-17 12:51:37,152 [WARN] MainUpdater:1122 - Updater busy. Cannot search thirdparties
2023-11-17 12:51:37,153 [INFO] ThirdPartyUpdaterWithRetryManager:92 - Updater plugin is busy. [6/15]
2023-11-17 12:51:40,161 [WARN] MainUpdater:1122 - Updater busy. Cannot search thirdparties
2023-11-17 12:51:40,161 [INFO] ThirdPartyUpdaterWithRetryManager:92 - Updater plugin is busy. [7/15]
2023-11-17 12:51:42,848 [INFO] LoadUrlFilesThread:145 - End of LoadUrlFiles Thread
2023-11-17 12:51:43,162 [WARN] MainUpdater:1122 - Updater busy. Cannot search thirdparties
2023-11-17 12:51:43,163 [INFO] ThirdPartyUpdaterWithRetryManager:92 - Updater plugin is busy. [8/15]
2023-11-17 12:51:43,319 [INFO] ServerAccessManage:362 - Download File boardsDocs.json._tmp_
2023-11-17 12:51:43,470 [INFO] LoadUrlFilesThread:145 - End of LoadUrlFiles Thread
2023-11-17 12:51:43,940 [INFO] ServerAccessManage:362 - Download File boards.json._tmp_
2023-11-17 12:51:44,769 [INFO] LoadUrlFilesThread:145 - End of LoadUrlFiles Thread
2023-11-17 12:51:45,249 [INFO] ServerAccessManage:362 - Download File cube-finder-db.zip
2023-11-17 12:51:46,174 [WARN] MainUpdater:1122 - Updater busy. Cannot search thirdparties
2023-11-17 12:51:46,174 [INFO] ThirdPartyUpdaterWithRetryManager:92 - Updater plugin is busy. [9/15]
2023-11-17 12:51:49,178 [WARN] MainUpdater:1122 - Updater busy. Cannot search thirdparties
2023-11-17 12:51:49,178 [INFO] ThirdPartyUpdaterWithRetryManager:92 - Updater plugin is busy. [10/15]
2023-11-17 12:51:52,190 [WARN] MainUpdater:1122 - Updater busy. Cannot search thirdparties
2023-11-17 12:51:52,191 [INFO] ThirdPartyUpdaterWithRetryManager:92 - Updater plugin is busy. [11/15]
2023-11-17 12:51:55,200 [WARN] MainUpdater:1122 - Updater busy. Cannot search thirdparties
2023-11-17 12:51:55,200 [INFO] ThirdPartyUpdaterWithRetryManager:92 - Updater plugin is busy. [12/15]
2023-11-17 12:51:58,206 [WARN] MainUpdater:1122 - Updater busy. Cannot search thirdparties
2023-11-17 12:51:58,206 [INFO] ThirdPartyUpdaterWithRetryManager:92 - Updater plugin is busy. [13/15]
2023-11-17 12:52:01,209 [WARN] MainUpdater:1122 - Updater busy. Cannot search thirdparties
2023-11-17 12:52:01,209 [INFO] ThirdPartyUpdaterWithRetryManager:92 - Updater plugin is busy. [14/15]
2023-11-17 12:52:04,221 [WARN] MainUpdater:1122 - Updater busy. Cannot search thirdparties
2023-11-17 12:52:04,221 [INFO] ThirdPartyUpdaterWithRetryManager:92 - Updater plugin is busy. [15/15]
2023-11-17 12:52:04,221 [ERROR] IntegrityCheckThread:124 - Cannot retrieve database content from updater: error -1
2023-11-17 12:52:04,222 [INFO] ThirdParty:915 - Integrity check success = false
2023-11-17 12:52:04,222 [INFO] IntegrityCheckThread:94 - exiting critical section [integrity check]
2023-11-17 12:52:04,222 [INFO] IntegrityCheckThread:97 - End integrity checks thread
2023-11-17 12:52:11,931 [INFO] FileExtend:235 - Unzip File : cube-finder-db.zip
2023-11-17 12:52:11,933 [INFO] FileExtend:250 - Standard Zip Deflate
2023-11-17 12:52:13,335 [INFO] LoadUrlFilesThread:145 - End of LoadUrlFiles Thread
2023-11-17 12:52:17,218 [INFO] ServerAccessManage:362 - Download File crdb.zip
2023-11-17 12:52:41,096 [INFO] FileExtend:235 - Unzip File : crdb.zip
2023-11-17 12:52:41,096 [INFO] FileExtend:250 - Standard Zip Deflate
2023-11-17 12:52:41,291 [INFO] LoadUrlFilesThread:145 - End of LoadUrlFiles Thread
2023-11-17 12:52:41,918 [INFO] ServerAccessManage:362 - Download File tutoVideoDB.zip
2023-11-17 12:52:42,400 [INFO] FileExtend:235 - Unzip File : tutoVideoDB.zip
2023-11-17 12:52:42,404 [INFO] FileExtend:250 - Standard Zip Deflate
2023-11-17 12:52:42,559 [INFO] LoadUrlFilesThread:145 - End of LoadUrlFiles Thread
2023-11-17 12:52:42,561 [INFO] DbMcusAds:47 - JSON generation date=Tue Mar 07 15:50:55 ICT 2023 (1678179055335)
2023-11-17 12:52:42,611 [INFO] DbMcusDocs:143 - JSON generation date=Tue Nov 16 23:17:54 ICT 2021 (1637079474)
2023-11-17 12:52:42,611 [INFO] DbMcusXml:100 - Load MCU database from D:\Installation\Apps\CubeIDE\STM32CubeIDE_1.7.0\STM32CubeIDE\plugins\com.st.stm32cube.common.mx_6.3.0.202107141111\\db\/mcu/families.xml
2023-11-17 12:52:44,440 [INFO] DbMcusJson:93 - JSON generation date=Tue Nov 16 23:17:54 ICT 2021 (1637079474)
2023-11-17 12:52:45,876 [INFO] DbMcus:175 - Found 1951 MCUs (1903 are supported by CubeMX, 1914 are visible in CubeMX)
2023-11-17 12:52:45,876 [INFO] ApiDb:251 - Load user favorites file C:\Users\WINDOWN/.stm32cubeide/favorites.mcus.txt: 0 item(s)
2023-11-17 12:52:45,876 [INFO] ApiDb:255 - User favorites MCUs=[]
2023-11-17 12:52:45,876 [INFO] DbMcus:187 - Set 0 / 0 favorites MCUs
2023-11-17 12:52:46,674 [INFO] DbMcusDocs:79 - Found 682 MCUs documents
2023-11-17 12:52:46,674 [INFO] ApiDb:276 - Save user favorites file C:\Users\WINDOWN/.stm32cubeide/favorites.mcus.txt: 0 item(s)
2023-11-17 12:52:46,674 [INFO] ApiDb:280 - User favorites MCUs=[]
2023-11-17 12:52:46,674 [INFO] DbMcusXml:100 - Load MCU database from D:\Installation\Apps\CubeIDE\STM32CubeIDE_1.7.0\STM32CubeIDE\plugins\com.st.stm32cube.common.mx_6.3.0.202107141111\\db\/mcu/families.xml
2023-11-17 12:52:48,028 [INFO] DbMcusJson:93 - JSON generation date=Tue Nov 16 23:17:54 ICT 2021 (1637079474)
2023-11-17 12:52:49,273 [INFO] DbMcus:175 - Found 1951 MCUs (1903 are supported by CubeMX, 1914 are visible in CubeMX)
2023-11-17 12:52:49,274 [INFO] ApiDb:251 - Load user favorites file C:\Users\WINDOWN/.stm32cubeide/favorites.mcus.txt: 0 item(s)
2023-11-17 12:52:49,274 [INFO] ApiDb:255 - User favorites MCUs=[]
2023-11-17 12:52:49,274 [INFO] DbMcus:187 - Set 0 / 0 favorites MCUs
2023-11-17 12:52:49,302 [INFO] DbBoardsDocs:143 - JSON generation date=Tue Nov 16 23:17:54 ICT 2021 (1637079474)
2023-11-17 12:52:49,342 [INFO] DbBoardsPdsc:90 - Found 25 items
2023-11-17 12:52:49,354 [INFO] DbBoardsPdsc:90 - Found 9 items
2023-11-17 12:52:49,380 [INFO] DbBoardsPdsc:90 - Found 33 items
2023-11-17 12:52:49,394 [INFO] DbBoardsPdsc:90 - Found 1 items
2023-11-17 12:52:49,432 [INFO] DbBoardsPdsc:90 - Found 48 items
2023-11-17 12:52:49,478 [INFO] DbBoardsPdsc:90 - Found 43 items
2023-11-17 12:52:49,489 [INFO] DbBoardsPdsc:90 - Found 2 items
2023-11-17 12:52:49,506 [INFO] DbBoardsPdsc:90 - Found 5 items
2023-11-17 12:52:49,514 [WARN] DbBoardsPdsc:254 - Board STM32H7B3I-DK: unknown feature type=Audio, name=, username=Audio stereo codec with Headphone Amp (CS42L51-CNZ), n=1
2023-11-17 12:52:49,514 [WARN] DbBoardsPdsc:254 - Board STM32H735G-DK: unknown feature type=Audio, name=, username=Audio stereo codec with Headphone Amp (WM8994ECS/R), n=1
2023-11-17 12:52:49,525 [WARN] DbBoardsPdsc:254 - Board STM32H7B3I-EVAL: unknown feature type=Audio, name=, username=Multi-Channel Audio Codec (CS42L51-CNZ), n=1
2023-11-17 12:52:49,525 [WARN] DbBoardsPdsc:254 - Board STM32H7B3I-EVAL: unknown feature type=Meter, name=, username=Power-metering and Temperature-monitoring with sigma-delta modulators, n=1
2023-11-17 12:52:49,525 [WARN] DbBoardsPdsc:254 - Board STM32H7B3I-EVAL: unknown feature type=Motor, name=, username=Motor Control, n=1
2023-11-17 12:52:49,525 [WARN] DbBoardsPdsc:254 - Board STM32U575I-EV: unknown feature type=joystick, name=, username=4-direction joystick with selection button, n=1
2023-11-17 12:52:49,568 [INFO] DbBoardsJson:86 - JSON generation date=Tue Nov 16 23:17:54 ICT 2021 (1637079474)
2023-11-17 12:52:49,582 [INFO] DbBoards:117 - Found 167 boards (163 are supported by CubeMX)
2023-11-17 12:52:49,583 [INFO] DbBoardsDocs:143 - JSON generation date=Tue Nov 16 23:17:54 ICT 2021 (1637079474)
2023-11-17 12:52:49,596 [INFO] DbBoardsDocs:79 - Found 209 boards documents
2023-11-17 12:52:49,597 [WARN] DbBoards:127 - board B-L475E-IOT01A2 has no document id list !
2023-11-17 12:52:49,599 [WARN] DbBoards:127 - board NUCLEO-H743ZI has no document id list !
2023-11-17 12:52:49,599 [WARN] DbBoards:127 - board NUCLEO-WL55JC2 has no document id list !
2023-11-17 12:52:49,605 [WARN] DbBoards:127 - board P-NUCLEO-WB55-Nucleo has no document id list !
2023-11-17 12:52:49,606 [WARN] DbBoards:127 - board P-NUCLEO-WB55-USBDongle has no document id list !
2023-11-17 12:52:49,606 [WARN] DbBoards:127 - board STEVAL-BFA001V1B has no document id list !
2023-11-17 12:52:49,606 [WARN] DbBoards:127 - board STEVAL-BFA001V2B has no document id list !
2023-11-17 12:52:49,606 [WARN] DbBoards:127 - board STEVAL-IDP005V1 has no document id list !
2023-11-17 12:52:49,606 [WARN] DbBoards:127 - board STEVAL-IDP005V2 has no document id list !
2023-11-17 12:52:49,606 [WARN] DbBoards:127 - board STEVAL-MKSBOX1V1 has no document id list !
2023-11-17 12:52:49,606 [WARN] DbBoards:127 - board STEVAL-STWINKT1 has no document id list !
2023-11-17 12:52:49,606 [WARN] DbBoards:127 - board STEVAL-STWINKT1B has no document id list !
2023-11-17 12:52:49,606 [WARN] DbBoards:127 - board STM32439I-EVAL2 has no document id list !
2023-11-17 12:52:49,606 [WARN] DbBoards:127 - board STM32F401C-DISCO has no document id list !
2023-11-17 12:52:49,606 [WARN] DbBoards:127 - board STM32F769I-DISC1 has no document id list !
2023-11-17 12:52:49,610 [WARN] DbBoards:127 - board STM32G474E-EVAL1 has no document id list !
2023-11-17 12:52:49,610 [WARN] DbBoards:127 - board STM32H743I-EVAL2 has no document id list !
2023-11-17 12:52:49,612 [WARN] DbBoards:127 - board STM32H747I-DISC1 has no document id list !
2023-11-17 12:52:49,612 [WARN] DbBoards:127 - board STM32H753I-EVAL2 has no document id list !
2023-11-17 12:52:49,612 [WARN] DbBoards:127 - board STM32L-DISCOVERY has no document id list !
2023-11-17 12:52:49,940 [ERROR] DbBoards:189 - Image file not found for board B-U585I-IOT02A: D:\Installation\Apps\CubeIDE\STM32CubeIDE_1.7.0\STM32CubeIDE\plugins\com.st.stm32cube.common.mx_6.3.0.202107141111\\db\/plugins/mcufinder/images/boards/B-U585I-IOT02A_small.jpg
2023-11-17 12:52:50,167 [ERROR] DbBoards:189 - Image file not found for board NUCLEO-F413ZH: D:\Installation\Apps\CubeIDE\STM32CubeIDE_1.7.0\STM32CubeIDE\plugins\com.st.stm32cube.common.mx_6.3.0.202107141111\\db\/plugins/mcufinder/images/boards/nucleo-f413zh_small.jpg
2023-11-17 12:52:50,571 [ERROR] DbBoards:189 - Image file not found for board NUCLEO-L552ZE-Q: D:\Installation\Apps\CubeIDE\STM32CubeIDE_1.7.0\STM32CubeIDE\plugins\com.st.stm32cube.common.mx_6.3.0.202107141111\\db\/plugins/mcufinder/images/boards/nucleo_l552ze_q_small.jpg
2023-11-17 12:52:50,571 [ERROR] DbBoards:189 - Image file not found for board NUCLEO-U575ZI-Q: D:\Installation\Apps\CubeIDE\STM32CubeIDE_1.7.0\STM32CubeIDE\plugins\com.st.stm32cube.common.mx_6.3.0.202107141111\\db\/plugins/mcufinder/images/boards/nucleo-u575zi-q_small.jpg
2023-11-17 12:52:50,571 [ERROR] DbBoards:189 - Image file not found for board NUCLEO-WB15CC: D:\Installation\Apps\CubeIDE\STM32CubeIDE_1.7.0\STM32CubeIDE\plugins\com.st.stm32cube.common.mx_6.3.0.202107141111\\db\/plugins/mcufinder/images/boards/nucleo-wb15cc_small.jpg
2023-11-17 12:52:50,571 [ERROR] DbBoards:189 - Image file not found for board NUCLEO-WB55RG: D:\Installation\Apps\CubeIDE\STM32CubeIDE_1.7.0\STM32CubeIDE\plugins\com.st.stm32cube.common.mx_6.3.0.202107141111\\db\/plugins/mcufinder/images/boards/nucleo-wb55rg_small.jpg
2023-11-17 12:52:53,594 [INFO] ApiDb:251 - Load user favorites file C:\Users\WINDOWN/.stm32cubeide/favorites.boards.txt: 0 item(s)
2023-11-17 12:52:53,594 [INFO] ApiDb:255 - User favorites Boards=[]
2023-11-17 12:52:53,594 [INFO] DbBoards:206 - Set 0 / 0 favorites Boards
2023-11-17 12:52:53,605 [INFO] DbBoardsDocs:79 - Found 418 boards documents
2023-11-17 12:52:53,605 [INFO] ApiDb:276 - Save user favorites file C:\Users\WINDOWN/.stm32cubeide/favorites.boards.txt: 0 item(s)
2023-11-17 12:52:53,605 [INFO] ApiDb:280 - User favorites Boards=[]
2023-11-17 12:52:53,611 [INFO] DbBoardsPdsc:90 - Found 25 items
2023-11-17 12:52:53,611 [INFO] DbBoardsPdsc:90 - Found 9 items
2023-11-17 12:52:53,619 [INFO] DbBoardsPdsc:90 - Found 33 items
2023-11-17 12:52:53,622 [INFO] DbBoardsPdsc:90 - Found 1 items
2023-11-17 12:52:53,629 [INFO] DbBoardsPdsc:90 - Found 48 items
2023-11-17 12:52:53,643 [INFO] DbBoardsPdsc:90 - Found 43 items
2023-11-17 12:52:53,643 [INFO] DbBoardsPdsc:90 - Found 2 items
2023-11-17 12:52:53,651 [INFO] DbBoardsPdsc:90 - Found 5 items
2023-11-17 12:52:53,659 [WARN] DbBoardsPdsc:254 - Board STM32H7B3I-DK: unknown feature type=Audio, name=, username=Audio stereo codec with Headphone Amp (CS42L51-CNZ), n=1
2023-11-17 12:52:53,659 [WARN] DbBoardsPdsc:254 - Board STM32H735G-DK: unknown feature type=Audio, name=, username=Audio stereo codec with Headphone Amp (WM8994ECS/R), n=1
2023-11-17 12:52:53,663 [WARN] DbBoardsPdsc:254 - Board STM32H7B3I-EVAL: unknown feature type=Audio, name=, username=Multi-Channel Audio Codec (CS42L51-CNZ), n=1
2023-11-17 12:52:53,664 [WARN] DbBoardsPdsc:254 - Board STM32H7B3I-EVAL: unknown feature type=Meter, name=, username=Power-metering and Temperature-monitoring with sigma-delta modulators, n=1
2023-11-17 12:52:53,664 [WARN] DbBoardsPdsc:254 - Board STM32H7B3I-EVAL: unknown feature type=Motor, name=, username=Motor Control, n=1
2023-11-17 12:52:53,665 [WARN] DbBoardsPdsc:254 - Board STM32U575I-EV: unknown feature type=joystick, name=, username=4-direction joystick with selection button, n=1
2023-11-17 12:52:53,703 [INFO] DbBoardsJson:86 - JSON generation date=Tue Nov 16 23:17:54 ICT 2021 (1637079474)
2023-11-17 12:52:53,718 [INFO] DbBoards:117 - Found 167 boards (163 are supported by CubeMX)
2023-11-17 12:52:53,719 [WARN] DbBoards:127 - board B-L475E-IOT01A2 has no document id list !
2023-11-17 12:52:53,721 [WARN] DbBoards:127 - board NUCLEO-H743ZI has no document id list !
2023-11-17 12:52:53,721 [WARN] DbBoards:127 - board NUCLEO-WL55JC2 has no document id list !
2023-11-17 12:52:53,721 [WARN] DbBoards:127 - board P-NUCLEO-WB55-Nucleo has no document id list !
2023-11-17 12:52:53,724 [WARN] DbBoards:127 - board P-NUCLEO-WB55-USBDongle has no document id list !
2023-11-17 12:52:53,724 [WARN] DbBoards:127 - board STEVAL-BFA001V1B has no document id list !
2023-11-17 12:52:53,724 [WARN] DbBoards:127 - board STEVAL-BFA001V2B has no document id list !
2023-11-17 12:52:53,724 [WARN] DbBoards:127 - board STEVAL-IDP005V1 has no document id list !
2023-11-17 12:52:53,724 [WARN] DbBoards:127 - board STEVAL-IDP005V2 has no document id list !
2023-11-17 12:52:53,724 [WARN] DbBoards:127 - board STEVAL-MKSBOX1V1 has no document id list !
2023-11-17 12:52:53,724 [WARN] DbBoards:127 - board STEVAL-STWINKT1 has no document id list !
2023-11-17 12:52:53,724 [WARN] DbBoards:127 - board STEVAL-STWINKT1B has no document id list !
2023-11-17 12:52:53,725 [WARN] DbBoards:127 - board STM32439I-EVAL2 has no document id list !
2023-11-17 12:52:53,725 [WARN] DbBoards:127 - board STM32F401C-DISCO has no document id list !
2023-11-17 12:52:53,725 [WARN] DbBoards:127 - board STM32F769I-DISC1 has no document id list !
2023-11-17 12:52:53,725 [WARN] DbBoards:127 - board STM32G474E-EVAL1 has no document id list !
2023-11-17 12:52:53,725 [WARN] DbBoards:127 - board STM32H743I-EVAL2 has no document id list !
2023-11-17 12:52:53,725 [WARN] DbBoards:127 - board STM32H747I-DISC1 has no document id list !
2023-11-17 12:52:53,725 [WARN] DbBoards:127 - board STM32H753I-EVAL2 has no document id list !
2023-11-17 12:52:53,725 [WARN] DbBoards:127 - board STM32L-DISCOVERY has no document id list !
2023-11-17 12:52:53,907 [ERROR] DbBoards:189 - Image file not found for board B-U585I-IOT02A: D:\Installation\Apps\CubeIDE\STM32CubeIDE_1.7.0\STM32CubeIDE\plugins\com.st.stm32cube.common.mx_6.3.0.202107141111\\db\/plugins/mcufinder/images/boards/B-U585I-IOT02A_small.jpg
2023-11-17 12:52:54,073 [ERROR] DbBoards:189 - Image file not found for board NUCLEO-F413ZH: D:\Installation\Apps\CubeIDE\STM32CubeIDE_1.7.0\STM32CubeIDE\plugins\com.st.stm32cube.common.mx_6.3.0.202107141111\\db\/plugins/mcufinder/images/boards/nucleo-f413zh_small.jpg
2023-11-17 12:52:54,455 [ERROR] DbBoards:189 - Image file not found for board NUCLEO-L552ZE-Q: D:\Installation\Apps\CubeIDE\STM32CubeIDE_1.7.0\STM32CubeIDE\plugins\com.st.stm32cube.common.mx_6.3.0.202107141111\\db\/plugins/mcufinder/images/boards/nucleo_l552ze_q_small.jpg
2023-11-17 12:52:54,457 [ERROR] DbBoards:189 - Image file not found for board NUCLEO-U575ZI-Q: D:\Installation\Apps\CubeIDE\STM32CubeIDE_1.7.0\STM32CubeIDE\plugins\com.st.stm32cube.common.mx_6.3.0.202107141111\\db\/plugins/mcufinder/images/boards/nucleo-u575zi-q_small.jpg
2023-11-17 12:52:54,457 [ERROR] DbBoards:189 - Image file not found for board NUCLEO-WB15CC: D:\Installation\Apps\CubeIDE\STM32CubeIDE_1.7.0\STM32CubeIDE\plugins\com.st.stm32cube.common.mx_6.3.0.202107141111\\db\/plugins/mcufinder/images/boards/nucleo-wb15cc_small.jpg
2023-11-17 12:52:54,457 [ERROR] DbBoards:189 - Image file not found for board NUCLEO-WB55RG: D:\Installation\Apps\CubeIDE\STM32CubeIDE_1.7.0\STM32CubeIDE\plugins\com.st.stm32cube.common.mx_6.3.0.202107141111\\db\/plugins/mcufinder/images/boards/nucleo-wb55rg_small.jpg
2023-11-17 12:52:56,111 [INFO] ApiDb:251 - Load user favorites file C:\Users\WINDOWN/.stm32cubeide/favorites.boards.txt: 0 item(s)
2023-11-17 12:52:56,111 [INFO] ApiDb:255 - User favorites Boards=[]
2023-11-17 12:52:56,118 [INFO] DbBoards:206 - Set 0 / 0 favorites Boards
2023-11-17 12:52:56,144 [INFO] LoadUrlFilesThread:172 - End of LoadServerUrlFiles without Thread
2023-11-17 12:52:56,144 [INFO] TargetSelectorAdapter:224 - Refresh data is successful
2023-11-17 12:52:56,359 [INFO] ApiDb:479 - Connected to CubeFinder SQLite database (C:\Users\WINDOWN\.stmcufinder\plugins\mcufinder\mcu\cube-finder-db.db)
2023-11-17 12:52:58,034 [ERROR] DbExamplesSqlite:446 - Missing JSON key: board_cpn
2023-11-17 12:52:58,034 [ERROR] DbExamplesSqlite:446 - Missing JSON key: board_cpn
2023-11-17 12:52:58,034 [ERROR] DbExamplesSqlite:446 - Missing JSON key: board_cpn
2023-11-17 12:52:58,034 [ERROR] DbExamplesSqlite:446 - Missing JSON key: board_cpn
2023-11-17 12:52:58,052 [INFO] DbExamplesSqlite:411 - Ignored 27 examples not supported by CubeIDE
2023-11-17 12:52:58,052 [INFO] DbExamplesSqlite:412 - Found 7221 examples active
2023-11-17 12:52:58,052 [INFO] DbExamplesSqlite:413 - Found 777 examples obsolete
2023-11-17 12:52:58,058 [INFO] DbExamplesSqlite:414 - Found 0 examples under development
2023-11-17 12:52:58,058 [INFO] DbExamplesSqlite:415 - Found 74 examples not building
2023-11-17 12:52:58,159 [INFO] DbExamplesSqlite:108 - CubeFinder database Data Model version=2.1
2023-11-17 12:52:58,159 [INFO] DbExamplesSqlite:109 - CubeFinder database Configuration version=3.0.37
2023-11-17 12:52:58,159 [INFO] DbExamplesSqlite:110 - CubeFinder database generation date=2023-10-13 (1697197505)
2023-11-17 12:52:58,159 [INFO] DbExamplesSqlite:111 - CubeFinder database FW Pack versions=[FP-ATR-ASTRA1_V2.0.0, FP-SNS-FLIGHT1_V5.0.1, FP-SNS-FLIGHT1_V5.0.2, FP-SNS-MOTENV1_V4.3.1, FP-SNS-MOTENV1_V4.3.2, FP-SNS-SMARTAG2_V1.2.0, I-CUBE-ITTIADB_V8.6.3-1, STM32Cube_FW_C0_V1.1.0, STM32Cube_FW_F4_V1.27.1, STM32Cube_FW_F7_V1.17.0, STM32Cube_FW_G0_V1.6.1, STM32Cube_FW_G4_V1.5.1, STM32Cube_FW_H5_V0.5.1, STM32Cube_FW_H5_V1.1.1, STM32Cube_FW_H7_V1.11.0, STM32Cube_FW_L0_V1.12.2, STM32Cube_FW_L5_V1.5.0, STM32Cube_FW_U5_V1.3.0, STM32Cube_FW_U5_V1.3.0RC4, STM32Cube_FW_WBA_V1.0.0RC1, STM32Cube_FW_WBA_V1.1.0RC1, STM32Cube_FW_WBA_V1.1.1, STM32Cube_FW_WB_V1.15.0RC1, STM32Cube_FW_WB_V1.16.0, STM32Cube_FW_WB_V1.16.0RC2, STM32Cube_FW_WB_V1.17.3, STM32Cube_FW_WL_V1.3.0, X-CUBE-ALGOBUILD_V1.3.0, X-CUBE-ALS_V1.0.1, X-CUBE-AZRTOS-F4_V1.1.0, X-CUBE-AZRTOS-F7_V1.1.0, X-CUBE-AZRTOS-G0_V1.1.0, X-CUBE-AZRTOS-G4_V2.0.0, X-CUBE-AZRTOS-H7_V3.1.0, X-CUBE-AZRTOS-L4_V1.0.0, X-CUBE-AZRTOS-L4_V2.0.0, X-CUBE-AZRTOS-L5_V1.1.0, X-CUBE-AZRTOS-WB_V2.0.0, X-CUBE-AZRTOS-WL_V2.0.0, X-CUBE-BLE1_V7.0.0, X-CUBE-BLE2_V3.3.0, X-CUBE-BLEMGR_V2.0.0, X-CUBE-EEPRMA1_V4.1.0, X-CUBE-FREERTOS_V1.1.0, X-CUBE-GNSS1_V6.0.0, X-CUBE-MEMS1_V10.0.0, X-CUBE-MEMS1_V9.1.0, X-CUBE-MEMS1_V9.4.0, X-CUBE-MEMS1_V9.6.0, X-CUBE-NFC4_V3.0.0, X-CUBE-NFC7_V1.0.1, X-CUBE-SFXS2LP1_V4.0.0, X-CUBE-SUBG2_V5.0.0, X-CUBE-TOF1_V3.3.1]
2023-11-17 12:52:58,159 [INFO] DbExamples:130 - Found 7268 examples
2023-11-17 12:52:59,861 [ERROR] DbExamples:206 - Found 7268 examples with invalid data (board or MCU)
2023-11-17 12:52:59,861 [INFO] DbExamples:222 - Found 79 boards with related examples
2023-11-17 12:52:59,861 [INFO] DbExamples:235 - Found 0 MCUs with related examples
2023-11-17 12:52:59,900 [INFO] ApiDb:242 - User favorites file not found: C:\Users\WINDOWN/.stm32cubeide/favorites.examples.txt
2023-11-17 12:52:59,900 [INFO] DbExamples:256 - Set 0 / 0 favorites Examples
2023-11-17 12:53:00,466 [INFO] McuFinderGlobals:52 - Set McuFinderConnectedMode to false
2023-11-17 12:53:00,645 [INFO] CrossSelectorPresenter:1330 - Cross Selector saved comparison directory: C:\Users\WINDOWN\.stmcufinder\plugins\mcufinder\mcu\cs_comparisons_mx
2023-11-17 12:53:00,658 [INFO] MultiScanPanel:197 - Auto-refresh data requested => check proxy status ongoing
2023-11-17 12:53:00,658 [INFO] MultiScanPanel:201 - Proxy status is invalid
2023-11-17 12:53:00,664 [INFO] FinderPluginLoader:87 - Searching for filters in installed packs
2023-11-17 12:53:01,687 [INFO] DetailPanel:309 - Set advertising image to C:/Users/WINDOWN/STM32Cube/Repository/\en.prom-stm32h5-mcu-finder.jpg
2023-11-17 13:05:37,977 [INFO] MainUpdater:2671 - connection check result : 10
2023-11-17 13:05:37,979 [INFO] MainUpdater:2671 - connection check result : 10
2023-11-17 13:05:38,106 [INFO] MicroXplorer:448 - Change Database Path : 
2023-11-17 13:05:38,106 [INFO] MicroXplorer:478 - Change Database Version : DB.6.0.30
2023-11-17 13:05:38,106 [WARN] ThirdParty:813 - waiting for thirdparty lock release [close project]
2023-11-17 13:05:38,107 [INFO] ThirdParty:815 - entering critical section [close project]
2023-11-17 13:05:38,110 [INFO] ThirdParty:825 - exiting critical section [close project]
2023-11-17 13:05:38,120 [INFO] PinOutPanel:1463 - setPackage(No Configuration,No Configuration)
2023-11-17 13:05:38,122 [INFO] UtilMem:74 - Begin LoadConfig() Used Memory: 707838928 Bytes (850395136)
2023-11-17 13:05:38,125 [INFO] MicroXplorer:448 - Change Database Path : 
2023-11-17 13:05:38,125 [INFO] MicroXplorer:478 - Change Database Version : DB.6.0.30
2023-11-17 13:05:38,126 [INFO] OpenFileManager:313 - Change cursor
2023-11-17 13:05:38,156 [WARN] IntegrityCheckThread:78 - waiting for thirdparty lock release [integrity check]
2023-11-17 13:05:38,158 [INFO] IntegrityCheckThread:80 - entering critical section [integrity check]
2023-11-17 13:05:38,474 [ERROR] Engine:463 - C:\Users\WINDOWN\.stm32cubemx\thirdparties\pdsc\STMicroelectronics.X-CUBE-SMBUS.2.1.0.pdsc: PDSC version is not supported
2023-11-17 13:05:38,616 [WARN] PackLoader:238 - Cannot read IP mode file for STMicroelectronics.X-CUBE-AZRTOS-F7.1.1.0
2023-11-17 13:05:38,675 [ERROR] Engine:463 - C:\Users\WINDOWN\.stm32cubemx\thirdparties\pdsc\STMicroelectronics.FP-SNS-MOTENV1.4.3.2.pdsc: PDSC version is not supported
2023-11-17 13:05:38,689 [ERROR] Engine:463 - C:\Users\WINDOWN\.stm32cubemx\thirdparties\pdsc\STMicroelectronics.FP-SNS-FLIGHT1.5.0.2.pdsc: PDSC version is not supported
2023-11-17 13:05:38,709 [ERROR] Engine:463 - C:\Users\WINDOWN\.stm32cubemx\thirdparties\pdsc\STMicroelectronics.X-CUBE-DISPLAY.3.0.0.pdsc: PDSC version is not supported
2023-11-17 13:05:38,736 [WARN] PackLoader:238 - Cannot read IP mode file for STMicroelectronics.X-CUBE-BLE1.7.0.0
2023-11-17 13:05:38,756 [ERROR] Engine:463 - C:\Users\WINDOWN\.stm32cubemx\thirdparties\pdsc\emotas.I-CUBE-CANOPEN.1.3.0.pdsc: PDSC version is not supported
2023-11-17 13:05:38,775 [WARN] PackLoader:238 - Cannot read IP mode file for STMicroelectronics.X-CUBE-TOUCHGFX.4.22.0
2023-11-17 13:05:38,786 [WARN] PackLoader:238 - Cannot read IP mode file for STMicroelectronics.X-CUBE-TOUCHGFX.4.22.1
2023-11-17 13:05:38,798 [ERROR] Engine:463 - C:\Users\WINDOWN\.stm32cubemx\thirdparties\pdsc\STMicroelectronics.FP-SNS-SMARTAG2.1.2.0.pdsc: PDSC version is not supported
2023-11-17 13:05:38,837 [INFO] LogOutputStream:76 - [STDOUT_REDIRECT] 1 : Invalid condition id : UX_CORESTACK_Condition cause : null
2023-11-17 13:05:38,846 [INFO] LogOutputStream:76 - [STDOUT_REDIRECT] 1 : Invalid condition id : UX_CORESTACK_Condition cause : null
2023-11-17 13:05:38,847 [INFO] LogOutputStream:76 - [STDOUT_REDIRECT] 1 : Invalid condition id : UX_CORESTACK_Condition cause : null
2023-11-17 13:05:38,847 [INFO] LogOutputStream:76 - [STDOUT_REDIRECT] 1 : Invalid condition id : UX_CORESTACK_Condition cause : null
2023-11-17 13:05:38,854 [INFO] LogOutputStream:76 - [STDOUT_REDIRECT] 1 : Invalid condition id : UX_CORESTACK_Condition cause : null
2023-11-17 13:05:38,862 [WARN] PackLoader:238 - Cannot read IP mode file for STMicroelectronics.X-CUBE-AZRTOS-WL.2.0.0
2023-11-17 13:05:38,888 [WARN] PackLoader:238 - Cannot read IP mode file for WES.I-CUBE-Cesium.1.3.0
2023-11-17 13:05:38,914 [WARN] PackLoader:238 - Cannot read IP mode file for STMicroelectronics.X-CUBE-BLE2.3.3.0
2023-11-17 13:05:38,938 [WARN] PackLoader:238 - Cannot read IP mode file for STMicroelectronics.X-CUBE-ALGOBUILD.1.3.0
2023-11-17 13:05:39,005 [WARN] PackLoader:238 - Cannot read IP mode file for STMicroelectronics.X-CUBE-AZRTOS-G0.1.1.0
2023-11-17 13:05:39,044 [WARN] PackLoader:238 - Cannot read IP mode file for STMicroelectronics.X-CUBE-NFC4.3.0.0
2023-11-17 13:05:39,069 [ERROR] Engine:463 - C:\Users\WINDOWN\.stm32cubemx\thirdparties\pdsc\STMicroelectronics.X-CUBE-BLEMGR.3.0.0.pdsc: PDSC version is not supported
2023-11-17 13:05:39,093 [WARN] PackLoader:238 - Cannot read IP mode file for STMicroelectronics.FP-ATR-SIGFOX1.3.2.0
2023-11-17 13:05:39,176 [WARN] PackLoader:238 - Cannot read IP mode file for SEGGER.I-CUBE-embOS.1.3.1
2023-11-17 13:05:39,287 [WARN] PackLoader:238 - Cannot read IP mode file for STMicroelectronics.X-CUBE-GNSS1.6.0.0
2023-11-17 13:05:39,349 [WARN] PackLoader:238 - Cannot read IP mode file for STMicroelectronics.X-CUBE-AZRTOS-F4.1.1.0
2023-11-17 13:05:39,377 [WARN] PackLoader:238 - Cannot read IP mode file for wolfSSL.I-CUBE-wolfSSL.5.6.3
2023-11-17 13:05:39,432 [WARN] PackLoader:238 - Cannot read IP mode file for STMicroelectronics.X-CUBE-AZRTOS-L5.2.0.0
2023-11-17 13:05:39,606 [WARN] PackLoader:238 - Cannot read IP mode file for STMicroelectronics.X-CUBE-MEMS1.9.6.0
2023-11-17 13:05:40,038 [WARN] PackLoader:238 - Cannot read IP mode file for STMicroelectronics.X-CUBE-EEPRMA1.4.2.0
2023-11-17 13:05:40,055 [ERROR] Engine:463 - C:\Users\WINDOWN\.stm32cubemx\thirdparties\pdsc\ITTIA_DB.I-CUBE-ITTIADB.8.8.0.pdsc: PDSC version is not supported
2023-11-17 13:05:40,079 [WARN] PackLoader:238 - Cannot read IP mode file for STMicroelectronics.X-CUBE-BLEMGR.2.0.0
2023-11-17 13:05:40,150 [WARN] ConditionMgr:437 - getConditionDescription Invalid condition id : UX DEVICE CLASS RTOS Condition cause : null
2023-11-17 13:05:40,150 [WARN] ConditionMgr:437 - getConditionDescription Invalid condition id : UX DEVICE CLASS RTOS Condition cause : null
2023-11-17 13:05:40,158 [WARN] PackLoader:238 - Cannot read IP mode file for STMicroelectronics.X-CUBE-AZRTOS-H7.3.1.0
2023-11-17 13:05:40,158 [WARN] ConditionMgr:1038 - genDependencies : Invalid condition id : UX DEVICE CLASS RTOS Condition cause : null
2023-11-17 13:05:40,158 [WARN] ConditionMgr:1038 - genDependencies : Invalid condition id : UX DEVICE CLASS RTOS Condition cause : null
2023-11-17 13:05:40,158 [WARN] ConditionMgr:1038 - genDependencies : Invalid condition id : UX DEVICE CLASS RTOS Condition cause : null
2023-11-17 13:05:40,158 [WARN] ConditionMgr:1038 - genDependencies : Invalid condition id : UX DEVICE CLASS RTOS Condition cause : null
2023-11-17 13:05:40,158 [WARN] ConditionMgr:1038 - genDependencies : Invalid condition id : UX DEVICE CLASS RTOS Condition cause : null
2023-11-17 13:05:40,182 [WARN] PackLoader:238 - Cannot read IP mode file for STMicroelectronics.X-CUBE-NFC7.1.0.1
2023-11-17 13:05:40,208 [WARN] PackLoader:238 - Cannot read IP mode file for STMicroelectronics.X-CUBE-NFC6.3.0.0
2023-11-17 13:05:40,230 [WARN] PackLoader:238 - Cannot read IP mode file for STMicroelectronics.X-CUBE-EEPRMA1.4.1.0
2023-11-17 13:05:40,249 [WARN] PackLoader:238 - Cannot read IP mode file for STMicroelectronics.X-CUBE-AI.8.1.0
2023-11-17 13:05:40,307 [WARN] ConditionMgr:437 - getConditionDescription Invalid condition id : LAN8742 Phy interface Condition cause : null
2023-11-17 13:05:40,307 [WARN] PackLoader:238 - Cannot read IP mode file for STMicroelectronics.X-CUBE-AZRTOS-L4.2.0.0
2023-11-17 13:05:40,307 [WARN] ConditionMgr:1038 - genDependencies : Invalid condition id : LAN8742 Phy interface Condition cause : null
2023-11-17 13:05:40,307 [WARN] ConditionMgr:1038 - genDependencies : Invalid condition id : LAN8742 Phy interface Condition cause : null
2023-11-17 13:05:40,315 [WARN] ConditionMgr:1038 - genDependencies : Invalid condition id : LAN8742 Phy interface Condition cause : null
2023-11-17 13:05:40,340 [WARN] PackLoader:238 - Cannot read IP mode file for STMicroelectronics.X-CUBE-SFXS2LP1.4.0.0
2023-11-17 13:05:40,359 [WARN] PackLoader:238 - Cannot read IP mode file for STMicroelectronics.X-CUBE-ISPU.1.1.0
2023-11-17 13:05:40,405 [WARN] ConditionMgr:437 - getConditionDescription Invalid condition id : UX DEVICE CLASS RTOS Condition cause : null
2023-11-17 13:05:40,405 [WARN] ConditionMgr:437 - getConditionDescription Invalid condition id : UX DEVICE CLASS RTOS Condition cause : null
2023-11-17 13:05:40,405 [WARN] PackLoader:238 - Cannot read IP mode file for STMicroelectronics.X-CUBE-AZRTOS-WB.2.0.0
2023-11-17 13:05:40,405 [WARN] ConditionMgr:1038 - genDependencies : Invalid condition id : UX DEVICE CLASS RTOS Condition cause : null
2023-11-17 13:05:40,405 [WARN] ConditionMgr:1038 - genDependencies : Invalid condition id : UX DEVICE CLASS RTOS Condition cause : null
2023-11-17 13:05:40,405 [WARN] ConditionMgr:1038 - genDependencies : Invalid condition id : UX DEVICE CLASS RTOS Condition cause : null
2023-11-17 13:05:40,405 [WARN] ConditionMgr:1038 - genDependencies : Invalid condition id : UX DEVICE CLASS RTOS Condition cause : null
2023-11-17 13:05:40,405 [WARN] ConditionMgr:1038 - genDependencies : Invalid condition id : UX DEVICE CLASS RTOS Condition cause : null
2023-11-17 13:05:40,447 [WARN] PackLoader:238 - Cannot read IP mode file for STMicroelectronics.X-CUBE-SUBG2.5.0.0
2023-11-17 13:05:40,480 [ERROR] Engine:463 - C:\Users\WINDOWN\.stm32cubemx\thirdparties\pdsc\STMicroelectronics.X-CUBE-TOF1.3.3.1.pdsc: PDSC version is not supported
2023-11-17 13:05:40,540 [WARN] PackLoader:238 - Cannot read IP mode file for STMicroelectronics.X-CUBE-AZRTOS-G4.2.0.0
2023-11-17 13:05:40,572 [ERROR] Engine:463 - C:\Users\WINDOWN\.stm32cubemx\thirdparties\pdsc\Infineon.AIROC-Wi-Fi-Bluetooth-STM32.1.5.1.pdsc: PDSC version is not supported
2023-11-17 13:05:40,581 [ERROR] Engine:463 - C:\Users\WINDOWN\.stm32cubemx\thirdparties\pdsc\STMicroelectronics.FP-SNS-MOTENVWB1.1.3.0.pdsc: PDSC version is not supported
2023-11-17 13:05:40,679 [WARN] PackLoader:238 - Cannot read IP mode file for STMicroelectronics.X-CUBE-MEMS1.10.0.0
2023-11-17 13:05:41,012 [ERROR] Engine:463 - C:\Users\WINDOWN\.stm32cubemx\thirdparties\pdsc\STMicroelectronics.X-CUBE-FREERTOS.1.1.0.pdsc: PDSC version is not supported
2023-11-17 13:05:41,030 [WARN] PackLoader:238 - Cannot read IP mode file for portGmbH.I-Cube-SoM-uGOAL.1.1.0
2023-11-17 13:05:41,050 [WARN] PackLoader:238 - Cannot read IP mode file for STMicroelectronics.X-CUBE-ALS.1.0.1
2023-11-17 13:05:41,059 [WARN] PackLoader:238 - Cannot read IP mode file for STMicroelectronics.FP-ATR-ASTRA1.2.0.0
2023-11-17 13:05:41,066 [INFO] ThirdParty:915 - Integrity check success = true
2023-11-17 13:05:41,066 [INFO] IntegrityCheckThread:94 - exiting critical section [integrity check]
2023-11-17 13:05:41,066 [INFO] IntegrityCheckThread:97 - End integrity checks thread
2023-11-17 13:05:42,705 [INFO] Context:592 - Trying to add GPIOservice into a context  which must be forbidden
2023-11-17 13:05:43,148 [INFO] ImportTextPane:167 - (OptionalMessage_ERROR) Unable to find key (Mcu.ThirdPartyNb) in loaded IOC file
2023-11-17 13:05:43,149 [INFO] ImportTextPane:167 - (OptionalMessage_ERROR) Unable to find key (Mcu.PinsNb) in loaded IOC file
2023-11-17 13:05:43,149 [INFO] ImportTextPane:167 - (OptionalMessage_ERROR) Unable to find key (Mcu.IPNb) in loaded IOC file
2023-11-17 13:05:43,216 [WARN] ApiManager:304 - Cannot register API 'Board Extension:GNSS1A1' from pack STMicroelectronics.X-CUBE-GNSS1.6.0.0: no header file found
2023-11-17 13:05:43,216 [WARN] ApiManager:304 - Cannot register API 'Board Support:Custom' from pack STMicroelectronics.X-CUBE-GNSS1.6.0.0: no header file found
2023-11-17 13:05:43,216 [WARN] ApiManager:304 - Cannot register API 'Data Exchange:lib_gnss' from pack STMicroelectronics.X-CUBE-GNSS1.6.0.0: no header file found
2023-11-17 13:05:43,731 [WARN] ApiManager:304 - Cannot register API 'Board Extension:IKS01A3' from pack STMicroelectronics.X-CUBE-MEMS1.9.6.0: no header file found
2023-11-17 13:05:43,731 [WARN] ApiManager:304 - Cannot register API 'Board Extension:IKS01A2' from pack STMicroelectronics.X-CUBE-MEMS1.9.6.0: no header file found
2023-11-17 13:05:43,731 [WARN] ApiManager:304 - Cannot register API 'Board Extension:IKS02A1' from pack STMicroelectronics.X-CUBE-MEMS1.9.6.0: no header file found
2023-11-17 13:05:43,741 [WARN] ApiManager:304 - Cannot register API 'Board Extension:EEPRMA2' from pack STMicroelectronics.X-CUBE-EEPRMA1.4.2.0: no header file found
2023-11-17 13:05:43,741 [WARN] ApiManager:304 - Cannot register API 'Board Extension:PGEEZ1' from pack STMicroelectronics.X-CUBE-EEPRMA1.4.2.0: no header file found
2023-11-17 13:05:43,741 [WARN] ApiManager:304 - Cannot register API 'Board Part:M24' from pack STMicroelectronics.X-CUBE-EEPRMA1.4.2.0: no header file found
2023-11-17 13:05:43,741 [WARN] ApiManager:304 - Cannot register API 'Board Part:M95' from pack STMicroelectronics.X-CUBE-EEPRMA1.4.2.0: no header file found
2023-11-17 13:05:43,741 [WARN] ApiManager:304 - Cannot register API 'Board Part:M95P32' from pack STMicroelectronics.X-CUBE-EEPRMA1.4.2.0: no header file found
2023-11-17 13:05:43,741 [WARN] ApiManager:304 - Cannot register API 'PGEEZ1:SPI' from pack STMicroelectronics.X-CUBE-EEPRMA1.4.2.0: no header file found
2023-11-17 13:05:43,741 [WARN] ApiManager:304 - Cannot register API 'PGEEZ1:QDSPI' from pack STMicroelectronics.X-CUBE-EEPRMA1.4.2.0: no header file found
2023-11-17 13:05:43,747 [INFO] RtosManager:484 - Registered RTOS mode: class=CMSIS, group=RTOS, mode=CMSIS_V1, owner=FREERTOS
2023-11-17 13:05:43,747 [INFO] RtosManager:484 - Registered RTOS mode: class=CMSIS, group=RTOS2, mode=CMSIS_V2, owner=FREERTOS
2023-11-17 13:05:43,747 [INFO] RtosManager:484 - Registered RTOS mode: class=RTOS, group=Core, mode=CMSIS_V1, owner=FREERTOS
2023-11-17 13:05:43,747 [INFO] RtosManager:484 - Registered RTOS mode: class=RTOS, group=Core, mode=CMSIS_V2, owner=FREERTOS
2023-11-17 13:05:43,747 [WARN] ModelIntegratedComponent:181 - Missing modes for component STMicroelectronics:FreeRTOS:0.0.1:STMicroelectronics:RTOS:FreeRTOS:Core:::10.2.0:
2023-11-17 13:05:43,755 [WARN] ApiManager:304 - Cannot register API 'Board Extension:NFC04A1' from pack STMicroelectronics.X-CUBE-NFC4.3.0.0: no header file found
2023-11-17 13:05:43,755 [WARN] ApiManager:304 - Cannot register API 'Board Extension:S2868A1' from pack STMicroelectronics.X-CUBE-SUBG2.5.0.0: no header file found
2023-11-17 13:05:43,764 [WARN] ApiManager:304 - Cannot register API 'Board Extension:S2868A2' from pack STMicroelectronics.X-CUBE-SUBG2.5.0.0: no header file found
2023-11-17 13:05:43,764 [WARN] ApiManager:304 - Cannot register API 'Board Extension:S2915A1' from pack STMicroelectronics.X-CUBE-SUBG2.5.0.0: no header file found
2023-11-17 13:05:43,764 [WARN] ApiManager:304 - Cannot register API 'Wireless:BlueNRG-MS' from pack STMicroelectronics.X-CUBE-BLE1.7.0.0: no header file found
2023-11-17 13:05:43,774 [WARN] ModelIntegratedComponent:60 - No mode defined for component null
2023-11-17 13:05:43,774 [WARN] ModelIntegratedComponent:60 - No mode defined for component null
2023-11-17 13:05:43,774 [WARN] ModelIntegratedComponent:60 - No mode defined for component null
2023-11-17 13:05:43,774 [WARN] ModelIntegratedComponent:60 - No mode defined for component null
2023-11-17 13:05:43,774 [WARN] ModelIntegratedComponent:60 - No mode defined for component null
2023-11-17 13:05:43,774 [WARN] ModelIntegratedComponent:60 - No mode defined for component null
2023-11-17 13:05:43,774 [WARN] ModelIntegratedComponent:60 - No mode defined for component null
2023-11-17 13:05:43,774 [WARN] ModelIntegratedComponent:60 - No mode defined for component null
2023-11-17 13:05:43,774 [WARN] ModelIntegratedComponent:60 - No mode defined for component null
2023-11-17 13:05:43,774 [WARN] ModelIntegratedComponent:60 - No mode defined for component null
2023-11-17 13:05:43,774 [WARN] ModelIntegratedComponent:60 - No mode defined for component null
2023-11-17 13:05:43,774 [WARN] ModelIntegratedComponent:60 - No mode defined for component null
2023-11-17 13:05:43,774 [WARN] ModelIntegratedComponent:60 - No mode defined for component null
2023-11-17 13:05:43,774 [WARN] ModelIntegratedComponent:60 - No mode defined for component null
2023-11-17 13:05:43,774 [WARN] ModelIntegratedComponent:60 - No mode defined for component null
2023-11-17 13:05:43,774 [WARN] ModelIntegratedComponent:60 - No mode defined for component null
2023-11-17 13:05:43,774 [WARN] ModelIntegratedComponent:60 - No mode defined for component null
2023-11-17 13:05:43,774 [WARN] ModelIntegratedComponent:60 - No mode defined for component null
2023-11-17 13:05:43,774 [WARN] ModelIntegratedComponent:60 - No mode defined for component null
2023-11-17 13:05:43,774 [WARN] ModelIntegratedComponent:60 - No mode defined for component null
2023-11-17 13:05:43,774 [WARN] ModelIntegratedComponent:60 - No mode defined for component null
2023-11-17 13:05:43,774 [WARN] ModelIntegratedComponent:60 - No mode defined for component null
2023-11-17 13:05:43,774 [WARN] ModelIntegratedComponent:60 - No mode defined for component null
2023-11-17 13:05:43,774 [WARN] ModelIntegratedComponent:60 - No mode defined for component null
2023-11-17 13:05:43,774 [WARN] ModelIntegratedComponent:60 - No mode defined for component null
2023-11-17 13:05:43,774 [WARN] ModelIntegratedComponent:60 - No mode defined for component null
2023-11-17 13:05:43,774 [WARN] ModelIntegratedComponent:60 - No mode defined for component null
2023-11-17 13:05:43,774 [WARN] ModelIntegratedComponent:60 - No mode defined for component null
2023-11-17 13:05:43,774 [WARN] ModelIntegratedComponent:60 - No mode defined for component null
2023-11-17 13:05:43,774 [WARN] ModelIntegratedComponent:60 - No mode defined for component null
2023-11-17 13:05:43,774 [WARN] ModelIntegratedComponent:60 - No mode defined for component null
2023-11-17 13:05:44,284 [WARN] ApiManager:304 - Cannot register API 'Board Extension:IKS01A3' from pack STMicroelectronics.X-CUBE-MEMS1.10.0.0: no header file found
2023-11-17 13:05:44,284 [WARN] ApiManager:304 - Cannot register API 'Board Extension:IKS02A1' from pack STMicroelectronics.X-CUBE-MEMS1.10.0.0: no header file found
2023-11-17 13:05:44,284 [WARN] ApiManager:304 - Cannot register API 'Board Extension:IKS4A1' from pack STMicroelectronics.X-CUBE-MEMS1.10.0.0: no header file found
2023-11-17 13:05:44,299 [WARN] ApiManager:304 - Cannot register API 'Board Extension:NFC07A1' from pack STMicroelectronics.X-CUBE-NFC7.1.0.1: no header file found
2023-11-17 13:05:44,299 [WARN] ApiManager:304 - Cannot register API 'Board Extension:NFC06A1' from pack STMicroelectronics.X-CUBE-NFC6.3.0.0: no header file found
2023-11-17 13:05:44,299 [WARN] ApiManager:304 - Cannot register API 'Board Extension:NFC08A1' from pack STMicroelectronics.X-CUBE-NFC6.3.0.0: no header file found
2023-11-17 13:05:44,299 [WARN] ApiManager:304 - Cannot register API 'Board Extension:EEPRMA1' from pack STMicroelectronics.X-CUBE-EEPRMA1.4.1.0: no header file found
2023-11-17 13:05:44,299 [WARN] ApiManager:304 - Cannot register API 'Board Extension:EEPRMA2' from pack STMicroelectronics.X-CUBE-EEPRMA1.4.1.0: no header file found
2023-11-17 13:05:44,299 [WARN] ApiManager:304 - Cannot register API 'Board Extension:PGEEZ1' from pack STMicroelectronics.X-CUBE-EEPRMA1.4.1.0: no header file found
2023-11-17 13:05:44,299 [WARN] ApiManager:304 - Cannot register API 'Board Part:M24' from pack STMicroelectronics.X-CUBE-EEPRMA1.4.1.0: no header file found
2023-11-17 13:05:44,299 [WARN] ApiManager:304 - Cannot register API 'Board Part:M95' from pack STMicroelectronics.X-CUBE-EEPRMA1.4.1.0: no header file found
2023-11-17 13:05:44,299 [WARN] ApiManager:304 - Cannot register API 'Board Part:M95P32' from pack STMicroelectronics.X-CUBE-EEPRMA1.4.1.0: no header file found
2023-11-17 13:05:44,299 [WARN] ApiManager:304 - Cannot register API 'PGEEZ1:SPI' from pack STMicroelectronics.X-CUBE-EEPRMA1.4.1.0: no header file found
2023-11-17 13:05:44,299 [WARN] ApiManager:304 - Cannot register API 'PGEEZ1:QDSPI' from pack STMicroelectronics.X-CUBE-EEPRMA1.4.1.0: no header file found
2023-11-17 13:05:44,322 [WARN] ApiManager:304 - Cannot register API 'Board Extension:S2868A1' from pack STMicroelectronics.X-CUBE-SFXS2LP1.4.0.0: no header file found
2023-11-17 13:05:44,322 [WARN] ApiManager:304 - Cannot register API 'Board Extension:S2868A2' from pack STMicroelectronics.X-CUBE-SFXS2LP1.4.0.0: no header file found
2023-11-17 13:05:44,322 [WARN] ApiManager:304 - Cannot register API 'Board Extension:S2915A1' from pack STMicroelectronics.X-CUBE-SFXS2LP1.4.0.0: no header file found
2023-11-17 13:05:44,324 [WARN] ApiManager:304 - Cannot register API 'Wireless:BlueNRG-2' from pack STMicroelectronics.X-CUBE-BLE2.3.3.0: no header file found
2023-11-17 13:05:50,634 [INFO] UtilMem:74 - End LoadConfig() Used Memory: 745946744 Bytes (850395136)
2023-11-17 13:05:50,650 [WARN] ThirdParty:779 - waiting for thirdparty lock release [change project]
2023-11-17 13:05:50,650 [INFO] ThirdParty:781 - entering critical section [change project]
2023-11-17 13:05:50,650 [INFO] ThirdParty:967 - CMSIS Pack Vendor :STMicroelectronics X-CUBE-ISPU 1.1.0
2023-11-17 13:05:50,650 [INFO] ThirdParty:967 - CMSIS Pack Vendor :STMicroelectronics X-CUBE-GNSS1 6.0.0
2023-11-17 13:05:50,650 [INFO] ThirdParty:967 - CMSIS Pack Vendor :STMicroelectronics USB_HOST 2.0.0
2023-11-17 13:05:50,650 [INFO] ThirdParty:967 - CMSIS Pack Vendor :STMicroelectronics X-CUBE-AZRTOS-F4 1.1.0
2023-11-17 13:05:50,650 [INFO] ThirdParty:967 - CMSIS Pack Vendor :wolfSSL I-CUBE-wolfSSL 5.6.3
2023-11-17 13:05:50,650 [INFO] ThirdParty:967 - CMSIS Pack Vendor :STMicroelectronics USB_DEVICE 3.0.0
2023-11-17 13:05:50,650 [INFO] ThirdParty:967 - CMSIS Pack Vendor :STMicroelectronics X-CUBE-AZRTOS-WB 2.0.0
2023-11-17 13:05:50,650 [INFO] ThirdParty:967 - CMSIS Pack Vendor :STMicroelectronics X-CUBE-AZRTOS-F7 1.1.0
2023-11-17 13:05:50,650 [INFO] ThirdParty:967 - CMSIS Pack Vendor :STMicroelectronics X-CUBE-AZRTOS-L5 2.0.0
2023-11-17 13:05:50,650 [INFO] ThirdParty:967 - CMSIS Pack Vendor :STMicroelectronics USB_DEVICE 2.0.0
2023-11-17 13:05:50,650 [INFO] ThirdParty:967 - CMSIS Pack Vendor :STMicroelectronics X-CUBE-MEMS1 9.6.0
2023-11-17 13:05:50,650 [INFO] ThirdParty:967 - CMSIS Pack Vendor :STMicroelectronics X-CUBE-EEPRMA1 4.2.0
2023-11-17 13:05:50,650 [INFO] ThirdParty:967 - CMSIS Pack Vendor :STMicroelectronics X-CUBE-ALGOBUILD 1.3.0
2023-11-17 13:05:50,650 [INFO] ThirdParty:967 - CMSIS Pack Vendor :STMicroelectronics FreeRTOS 0.0.1
2023-11-17 13:05:50,650 [INFO] ThirdParty:967 - CMSIS Pack Vendor :STMicroelectronics X-CUBE-AZRTOS-G0 1.1.0
2023-11-17 13:05:50,650 [INFO] ThirdParty:967 - CMSIS Pack Vendor :STMicroelectronics X-CUBE-BLEMGR 2.0.0
2023-11-17 13:05:50,650 [INFO] ThirdParty:967 - CMSIS Pack Vendor :STMicroelectronics X-CUBE-NFC4 3.0.0
2023-11-17 13:05:50,650 [INFO] ThirdParty:967 - CMSIS Pack Vendor :STMicroelectronics X-CUBE-SUBG2 5.0.0
2023-11-17 13:05:50,650 [INFO] ThirdParty:967 - CMSIS Pack Vendor :STMicroelectronics lwIP 2.0.3
2023-11-17 13:05:50,650 [INFO] ThirdParty:967 - CMSIS Pack Vendor :STMicroelectronics USB_HOST 1.0.0
2023-11-17 13:05:50,650 [INFO] ThirdParty:967 - CMSIS Pack Vendor :STMicroelectronics X-CUBE-AZRTOS-G4 2.0.0
2023-11-17 13:05:50,650 [INFO] ThirdParty:967 - CMSIS Pack Vendor :STMicroelectronics PDM2PCM 3.1.0
2023-11-17 13:05:50,650 [INFO] ThirdParty:967 - CMSIS Pack Vendor :STMicroelectronics X-CUBE-AZRTOS-H7 3.1.0
2023-11-17 13:05:50,650 [INFO] ThirdParty:967 - CMSIS Pack Vendor :STMicroelectronics PDM2PCM 3.3.0
2023-11-17 13:05:50,650 [INFO] ThirdParty:967 - CMSIS Pack Vendor :STMicroelectronics X-CUBE-BLE1 7.0.0
2023-11-17 13:05:50,650 [INFO] ThirdParty:967 - CMSIS Pack Vendor :STMicroelectronics FP-ATR-SIGFOX1 3.2.0
2023-11-17 13:05:50,650 [INFO] ThirdParty:967 - CMSIS Pack Vendor :STMicroelectronics HAL Drivers 0.0.0
2023-11-17 13:05:50,650 [INFO] ThirdParty:967 - CMSIS Pack Vendor :STMicroelectronics MBEDTLS 2.16.2
2023-11-17 13:05:50,650 [INFO] ThirdParty:967 - CMSIS Pack Vendor :STMicroelectronics X-CUBE-MEMS1 10.0.0
2023-11-17 13:05:50,650 [INFO] ThirdParty:967 - CMSIS Pack Vendor :STMicroelectronics X-CUBE-TOUCHGFX 4.22.0
2023-11-17 13:05:50,650 [INFO] ThirdParty:967 - CMSIS Pack Vendor :STMicroelectronics X-CUBE-NFC7 1.0.1
2023-11-17 13:05:50,650 [INFO] ThirdParty:967 - CMSIS Pack Vendor :STMicroelectronics MBEDTLS 2.14.1
2023-11-17 13:05:50,650 [INFO] ThirdParty:967 - CMSIS Pack Vendor :STMicroelectronics X-CUBE-TOUCHGFX 4.22.1
2023-11-17 13:05:50,650 [INFO] ThirdParty:967 - CMSIS Pack Vendor :STMicroelectronics X-CUBE-NFC6 3.0.0
2023-11-17 13:05:50,650 [INFO] ThirdParty:967 - CMSIS Pack Vendor :STMicroelectronics X-CUBE-EEPRMA1 4.1.0
2023-11-17 13:05:50,650 [INFO] ThirdParty:967 - CMSIS Pack Vendor :portGmbH I-Cube-SoM-uGOAL 1.1.0
2023-11-17 13:05:50,650 [INFO] ThirdParty:967 - CMSIS Pack Vendor :STMicroelectronics X-CUBE-ALS 1.0.1
2023-11-17 13:05:50,650 [INFO] ThirdParty:967 - CMSIS Pack Vendor :STMicroelectronics X-CUBE-AZRTOS-WL 2.0.0
2023-11-17 13:05:50,650 [INFO] ThirdParty:967 - CMSIS Pack Vendor :SEGGER I-CUBE-embOS 1.3.1
2023-11-17 13:05:50,650 [INFO] ThirdParty:967 - CMSIS Pack Vendor :STMicroelectronics USB_DEVICE 1.0.0
2023-11-17 13:05:50,650 [INFO] ThirdParty:967 - CMSIS Pack Vendor :STMicroelectronics X-CUBE-AI 8.1.0
2023-11-17 13:05:50,650 [INFO] ThirdParty:967 - CMSIS Pack Vendor :STMicroelectronics X-CUBE-AZRTOS-L4 2.0.0
2023-11-17 13:05:50,650 [INFO] ThirdParty:967 - CMSIS Pack Vendor :STMicroelectronics ThreadX 0.0.2
2023-11-17 13:05:50,650 [INFO] ThirdParty:967 - CMSIS Pack Vendor :WES I-CUBE-Cesium 1.3.0
2023-11-17 13:05:50,650 [INFO] ThirdParty:967 - CMSIS Pack Vendor :STMicroelectronics FP-ATR-ASTRA1 2.0.0
2023-11-17 13:05:50,650 [INFO] ThirdParty:967 - CMSIS Pack Vendor :STMicroelectronics lwIP 2.1.2
2023-11-17 13:05:50,650 [INFO] ThirdParty:967 - CMSIS Pack Vendor :STMicroelectronics X-CUBE-SFXS2LP1 4.0.0
2023-11-17 13:05:50,650 [INFO] ThirdParty:967 - CMSIS Pack Vendor :STMicroelectronics X-CUBE-BLE2 3.3.0
2023-11-17 13:05:50,650 [INFO] ThirdParty:967 - CMSIS Pack Vendor :STMicroelectronics PDM2PCM 3.2.0
2023-11-17 13:05:50,650 [INFO] ThirdParty:787 - exiting critical section [change project]
2023-11-17 13:05:51,095 [INFO] PinOutPanel:1463 - setPackage(No Configuration,No Configuration)
2023-11-17 13:05:51,097 [INFO] PinOutPanel:1463 - setPackage(STM32F103C6Tx,LQFP48)
2023-11-17 13:05:51,804 [INFO] UtilMem:74 - Before build in PCC Used Memory: 750424376 Bytes (850395136)
2023-11-17 13:05:52,873 [INFO] UtilMem:74 - After build in PCC Used Memory: 741631008 Bytes (850395136)
2023-11-17 13:05:52,927 [INFO] IPUIPlugin:74 - create IPUIPlugin
2023-11-17 13:05:52,927 [INFO] IPUIPlugin:74 - create IPUIPlugin
2023-11-17 13:05:52,927 [INFO] IPUIPlugin:74 - create IPUIPlugin
2023-11-17 13:05:52,927 [INFO] IPUIPlugin:74 - create IPUIPlugin
2023-11-17 13:05:52,927 [INFO] IPUIPlugin:74 - create IPUIPlugin
2023-11-17 13:05:52,929 [INFO] IPUIPlugin:74 - create IPUIPlugin
2023-11-17 13:05:52,929 [INFO] IPUIPlugin:74 - create IPUIPlugin
2023-11-17 13:05:52,929 [INFO] IPUIPlugin:74 - create IPUIPlugin
2023-11-17 13:05:52,929 [INFO] IPUIPlugin:74 - create IPUIPlugin
2023-11-17 13:05:52,929 [INFO] IPUIPlugin:74 - create IPUIPlugin
2023-11-17 13:05:52,929 [INFO] IPUIPlugin:74 - create IPUIPlugin
2023-11-17 13:05:52,929 [INFO] IPUIPlugin:74 - create IPUIPlugin
2023-11-17 13:05:52,929 [INFO] IPUIPlugin:74 - create IPUIPlugin
2023-11-17 13:05:52,929 [INFO] IPUIPlugin:74 - create IPUIPlugin
2023-11-17 13:05:52,929 [INFO] IPUIPlugin:74 - create IPUIPlugin
2023-11-17 13:05:52,929 [INFO] IPUIPlugin:74 - create IPUIPlugin
2023-11-17 13:05:52,929 [INFO] IPUIPlugin:74 - create IPUIPlugin
2023-11-17 13:05:52,929 [INFO] IPUIPlugin:74 - create IPUIPlugin
2023-11-17 13:05:52,937 [INFO] IPUIPlugin:74 - create IPUIPlugin
2023-11-17 13:05:52,937 [INFO] IPUIPlugin:74 - create IPUIPlugin
2023-11-17 13:05:52,937 [INFO] IPUIPlugin:74 - create IPUIPlugin
2023-11-17 13:05:52,940 [INFO] IPUIPlugin:74 - create IPUIPlugin
2023-11-17 13:05:52,940 [INFO] IPUIPlugin:74 - create IPUIPlugin
2023-11-17 13:05:53,156 [INFO] OpenFileManager:333 - Restore cursor
2023-11-17 13:05:53,707 [INFO] UtilMem:74 - End SaveConfig() Used Memory: 727528752 Bytes (850395136)
2023-11-17 13:05:53,785 [INFO] UtilMem:74 - End SaveConfig() Used Memory: 739793936 Bytes (850395136)
2023-11-17 13:05:54,418 [INFO] BlockDiagram:2740 - set Specific Code input for plugin: NVIC
2023-11-17 13:05:54,418 [INFO] BlockDiagram:2740 - set Specific Code input for plugin: SYS
2023-11-17 13:05:54,419 [INFO] BlockDiagram:2740 - set Specific Code input for plugin: RCC
2023-11-17 13:05:54,420 [INFO] CodeGenerator:663 - code generatio: config db path: D:\Installation\Apps\CubeIDE\STM32CubeIDE_1.7.0\STM32CubeIDE\plugins\com.st.stm32cube.common.mx_6.3.0.202107141111\\db\
2023-11-17 13:05:55,060 [INFO] CodeEngine:239 - oldGeneratedFile, D:\HCMUT\KNOWLEDGE\Github\HCMUT\Team\CO3007-2111203\CO3007-2111203\Cube\Scheduler\MXTmpFiles\license.tmp_save
2023-11-17 13:05:55,658 [INFO] CodeEngine:257 - Generated code: D:\HCMUT\KNOWLEDGE\Github\HCMUT\Team\CO3007-2111203\CO3007-2111203\Cube\Scheduler\MXTmpFiles\license.tmp
2023-11-17 13:05:55,883 [INFO] CodeEngine:239 - oldGeneratedFile, D:\HCMUT\KNOWLEDGE\Github\HCMUT\Team\CO3007-2111203\CO3007-2111203\Cube\Scheduler\Core\Src\stm32f1xx_it.c_save
2023-11-17 13:05:56,123 [INFO] CodeEngine:257 - Generated code: D:\HCMUT\KNOWLEDGE\Github\HCMUT\Team\CO3007-2111203\CO3007-2111203\Cube\Scheduler\Core\Src\stm32f1xx_it.c
2023-11-17 13:05:56,134 [INFO] CodeEngine:239 - oldGeneratedFile, D:\HCMUT\KNOWLEDGE\Github\HCMUT\Team\CO3007-2111203\CO3007-2111203\Cube\Scheduler\Core\Inc\stm32f1xx_it.h_save
2023-11-17 13:05:56,282 [INFO] CodeEngine:257 - Generated code: D:\HCMUT\KNOWLEDGE\Github\HCMUT\Team\CO3007-2111203\CO3007-2111203\Cube\Scheduler\Core\Inc\stm32f1xx_it.h
2023-11-17 13:05:56,308 [INFO] CodeEngine:239 - oldGeneratedFile, D:\HCMUT\KNOWLEDGE\Github\HCMUT\Team\CO3007-2111203\CO3007-2111203\Cube\Scheduler\Core\Src\stm32f1xx_hal_msp.c_save
2023-11-17 13:05:56,532 [INFO] CodeEngine:257 - Generated code: D:\HCMUT\KNOWLEDGE\Github\HCMUT\Team\CO3007-2111203\CO3007-2111203\Cube\Scheduler\Core\Src\stm32f1xx_hal_msp.c
2023-11-17 13:05:56,542 [INFO] CodeEngine:239 - oldGeneratedFile, D:\HCMUT\KNOWLEDGE\Github\HCMUT\Team\CO3007-2111203\CO3007-2111203\Cube\Scheduler\MXTmpFiles\system.tmp_save
2023-11-17 13:05:56,690 [INFO] CodeEngine:257 - Generated code: D:\HCMUT\KNOWLEDGE\Github\HCMUT\Team\CO3007-2111203\CO3007-2111203\Cube\Scheduler\MXTmpFiles\system.tmp
2023-11-17 13:05:56,712 [INFO] CodeEngine:239 - oldGeneratedFile, D:\HCMUT\KNOWLEDGE\Github\HCMUT\Team\CO3007-2111203\CO3007-2111203\Cube\Scheduler\Core\Inc\stm32f1xx_hal_conf.h_save
2023-11-17 13:05:56,889 [INFO] CodeEngine:257 - Generated code: D:\HCMUT\KNOWLEDGE\Github\HCMUT\Team\CO3007-2111203\CO3007-2111203\Cube\Scheduler\Core\Inc\stm32f1xx_hal_conf.h
2023-11-17 13:05:56,974 [INFO] CodeEngine:239 - oldGeneratedFile, D:\HCMUT\KNOWLEDGE\Github\HCMUT\Team\CO3007-2111203\CO3007-2111203\Cube\Scheduler\Core\Inc\main.h_save
2023-11-17 13:05:57,127 [INFO] CodeEngine:257 - Generated code: D:\HCMUT\KNOWLEDGE\Github\HCMUT\Team\CO3007-2111203\CO3007-2111203\Cube\Scheduler\Core\Inc\main.h
2023-11-17 13:05:57,141 [INFO] CodeEngine:239 - oldGeneratedFile, D:\HCMUT\KNOWLEDGE\Github\HCMUT\Team\CO3007-2111203\CO3007-2111203\Cube\Scheduler\Core\Src\main.c_save
2023-11-17 13:05:57,371 [INFO] CodeEngine:257 - Generated code: D:\HCMUT\KNOWLEDGE\Github\HCMUT\Team\CO3007-2111203\CO3007-2111203\Cube\Scheduler\Core\Src\main.c
2023-11-17 13:05:59,088 [INFO] ProjectBuilder:2578 - Time for Copy HAL[1] : 173mS.
2023-11-17 13:05:59,092 [INFO] ProjectBuilder:3622 - Project Generator version: 3.14.1
2023-11-17 13:06:00,057 [INFO] ConfigFileManager:1271 - The Die is : DIE412
2023-11-17 13:06:00,091 [INFO] ApiDbMcu:468 - Load IP Config File for FATFS
2023-11-17 13:06:00,157 [INFO] ApiDbMcu:468 - Load IP Config File for FREERTOS
2023-11-17 13:06:00,249 [INFO] ApiDbMcu:468 - Load IP Config File for USB_DEVICE
2023-11-17 13:06:09,925 [INFO] ProjectBuilder:3789 - Time for Generating toolchain IDE Files: 10833mS.
2023-11-17 13:06:09,925 [INFO] ProjectBuilder:2457 - Time for Copy CMSIS : 0mS.
2023-11-17 13:06:09,934 [INFO] ProjectBuilder:2457 - Time for Copy CMSIS : 0mS.
2023-11-17 13:06:11,317 [INFO] McuFinderGlobals:52 - Set McuFinderConnectedMode to true
2023-11-17 13:06:11,317 [INFO] ApiDb:276 - Save user favorites file C:\Users\WINDOWN/.stm32cubeide/favorites.mcus.txt: 0 item(s)
2023-11-17 13:06:11,317 [INFO] ApiDb:280 - User favorites MCUs=[]
2023-11-17 13:06:35,879 [INFO] NvicIntPanel:96 - NVIC parent = com.st.microxplorer.plugins.ip.nvic.MultiNvicIntPanel[,0,0,450x74,layout=javax.swing.BoxLayout,alignmentX=0.0,alignmentY=0.0,border=,flags=9,maximumSize=,minimumSize=,preferredSize=]
2023-11-17 13:06:40,068 [INFO] NvicIntPanel:96 - NVIC parent = com.st.microxplorer.plugins.ip.nvic.MultiNvicIntPanel[,0,0,0x0,invalid,layout=javax.swing.BoxLayout,alignmentX=0.0,alignmentY=0.0,border=,flags=9,maximumSize=,minimumSize=,preferredSize=]
2023-11-17 13:11:35,495 [INFO] Gpio:254 - dependency for GPIO [SYS]
2023-11-17 13:13:24,440 [INFO] UtilMem:74 - End SaveConfig() Used Memory: 797881456 Bytes (1073741824)
2023-11-17 13:13:25,633 [INFO] UtilMem:74 - End SaveConfig() Used Memory: 831435888 Bytes (1073741824)
2023-11-17 13:13:35,674 [INFO] UtilMem:74 - End SaveConfig() Used Memory: 731641456 Bytes (1073741824)
2023-11-17 13:13:36,230 [INFO] BlockDiagram:2740 - set Specific Code input for plugin: NVIC
2023-11-17 13:13:36,230 [INFO] BlockDiagram:2740 - set Specific Code input for plugin: SYS
2023-11-17 13:13:36,230 [INFO] BlockDiagram:2740 - set Specific Code input for plugin: GPIO
2023-11-17 13:13:36,230 [INFO] BlockDiagram:2740 - set Specific Code input for plugin: RCC
2023-11-17 13:13:36,230 [INFO] BlockDiagram:2740 - set Specific Code input for plugin: TIM1_8F1
2023-11-17 13:13:36,230 [INFO] CodeGenerator:663 - code generatio: config db path: D:\Installation\Apps\CubeIDE\STM32CubeIDE_1.7.0\STM32CubeIDE\plugins\com.st.stm32cube.common.mx_6.3.0.202107141111\\db\
2023-11-17 13:13:36,763 [INFO] CodeEngine:239 - oldGeneratedFile, D:\HCMUT\KNOWLEDGE\Github\HCMUT\Team\CO3007-2111203\CO3007-2111203\Cube\Scheduler\MXTmpFiles\license.tmp_save
2023-11-17 13:13:36,871 [INFO] CodeEngine:257 - Generated code: D:\HCMUT\KNOWLEDGE\Github\HCMUT\Team\CO3007-2111203\CO3007-2111203\Cube\Scheduler\MXTmpFiles\license.tmp
2023-11-17 13:13:36,993 [INFO] CodeEngine:239 - oldGeneratedFile, D:\HCMUT\KNOWLEDGE\Github\HCMUT\Team\CO3007-2111203\CO3007-2111203\Cube\Scheduler\MXTmpFiles\gpio.tmp_save
2023-11-17 13:13:37,100 [INFO] CodeEngine:257 - Generated code: D:\HCMUT\KNOWLEDGE\Github\HCMUT\Team\CO3007-2111203\CO3007-2111203\Cube\Scheduler\MXTmpFiles\gpio.tmp
2023-11-17 13:13:37,448 [INFO] CodeEngine:239 - oldGeneratedFile, D:\HCMUT\KNOWLEDGE\Github\HCMUT\Team\CO3007-2111203\CO3007-2111203\Cube\Scheduler\Core\Src\stm32f1xx_it.c_save
2023-11-17 13:13:37,623 [INFO] CodeEngine:257 - Generated code: D:\HCMUT\KNOWLEDGE\Github\HCMUT\Team\CO3007-2111203\CO3007-2111203\Cube\Scheduler\Core\Src\stm32f1xx_it.c
2023-11-17 13:13:37,637 [INFO] CodeEngine:239 - oldGeneratedFile, D:\HCMUT\KNOWLEDGE\Github\HCMUT\Team\CO3007-2111203\CO3007-2111203\Cube\Scheduler\Core\Inc\stm32f1xx_it.h_save
2023-11-17 13:13:37,763 [INFO] CodeEngine:257 - Generated code: D:\HCMUT\KNOWLEDGE\Github\HCMUT\Team\CO3007-2111203\CO3007-2111203\Cube\Scheduler\Core\Inc\stm32f1xx_it.h
2023-11-17 13:13:37,779 [INFO] CodeEngine:239 - oldGeneratedFile, D:\HCMUT\KNOWLEDGE\Github\HCMUT\Team\CO3007-2111203\CO3007-2111203\Cube\Scheduler\Core\Src\stm32f1xx_hal_msp.c_save
2023-11-17 13:13:37,959 [INFO] CodeEngine:257 - Generated code: D:\HCMUT\KNOWLEDGE\Github\HCMUT\Team\CO3007-2111203\CO3007-2111203\Cube\Scheduler\Core\Src\stm32f1xx_hal_msp.c
2023-11-17 13:13:37,968 [INFO] CodeEngine:239 - oldGeneratedFile, D:\HCMUT\KNOWLEDGE\Github\HCMUT\Team\CO3007-2111203\CO3007-2111203\Cube\Scheduler\MXTmpFiles\system.tmp_save
2023-11-17 13:13:38,083 [INFO] CodeEngine:257 - Generated code: D:\HCMUT\KNOWLEDGE\Github\HCMUT\Team\CO3007-2111203\CO3007-2111203\Cube\Scheduler\MXTmpFiles\system.tmp
2023-11-17 13:13:38,092 [INFO] CodeEngine:239 - oldGeneratedFile, D:\HCMUT\KNOWLEDGE\Github\HCMUT\Team\CO3007-2111203\CO3007-2111203\Cube\Scheduler\Core\Inc\stm32f1xx_hal_conf.h_save
2023-11-17 13:13:38,240 [INFO] CodeEngine:257 - Generated code: D:\HCMUT\KNOWLEDGE\Github\HCMUT\Team\CO3007-2111203\CO3007-2111203\Cube\Scheduler\Core\Inc\stm32f1xx_hal_conf.h
2023-11-17 13:13:38,273 [WARN] IPConfigManager:3148 - IP not found : TIM
2023-11-17 13:13:38,273 [WARN] CodeGenerator:3268 - IP not found : null
2023-11-17 13:13:38,291 [INFO] CodeEngine:239 - oldGeneratedFile, D:\HCMUT\KNOWLEDGE\Github\HCMUT\Team\CO3007-2111203\CO3007-2111203\Cube\Scheduler\Core\Inc\main.h_save
2023-11-17 13:13:38,431 [INFO] CodeEngine:257 - Generated code: D:\HCMUT\KNOWLEDGE\Github\HCMUT\Team\CO3007-2111203\CO3007-2111203\Cube\Scheduler\Core\Inc\main.h
2023-11-17 13:13:38,438 [INFO] CodeEngine:239 - oldGeneratedFile, D:\HCMUT\KNOWLEDGE\Github\HCMUT\Team\CO3007-2111203\CO3007-2111203\Cube\Scheduler\Core\Src\main.c_save
2023-11-17 13:13:38,694 [INFO] CodeEngine:257 - Generated code: D:\HCMUT\KNOWLEDGE\Github\HCMUT\Team\CO3007-2111203\CO3007-2111203\Cube\Scheduler\Core\Src\main.c
2023-11-17 13:13:40,282 [INFO] ProjectBuilder:2578 - Time for Copy HAL[1] : 122mS.
2023-11-17 13:13:40,292 [INFO] ProjectBuilder:3622 - Project Generator version: 3.14.1
2023-11-17 13:13:41,215 [INFO] ConfigFileManager:1271 - The Die is : DIE412
2023-11-17 13:13:44,691 [INFO] ProjectBuilder:3789 - Time for Generating toolchain IDE Files: 4399mS.
2023-11-17 13:13:44,692 [INFO] ProjectBuilder:2457 - Time for Copy CMSIS : 1mS.
2023-11-17 13:13:44,692 [INFO] ProjectBuilder:2457 - Time for Copy CMSIS : 0mS.
2023-11-26 18:10:39,037 [INFO] Activator:177 - 


2023-11-26 18:10:39,037 [INFO] Activator:178 - !SESSION log4j initialized
2023-11-27 07:17:47,900 [INFO] Activator:177 - 


2023-11-27 07:17:47,904 [INFO] Activator:178 - !SESSION log4j initialized
